pdf_norm=-2.0127e+01 for t=0.
pdf_norm=-2.0127e+01 for t=0.
pdf_norm=-2.0127e+01 for t=0.
pdf_norm=-2.0127e+01 for t=0.
pdf_norm=-2.0127e+01 for t=0.
pdf_norm=-2.0127e+01 for t=0.
Proposed temperatures for 0: [3846.154388946392].
Proposed temperatures for 0: [3846.154388946392].
Proposed temperatures for 0: [3846.154388946392].
Proposed temperatures for 0: [3846.154388946392].
Proposed temperatures for 0: [3846.154388946392].
Proposed temperatures for 0: [3846.154388946392].
Encountered pd=1.8092e+01 > c=-2.0127e+01, thus weight=1.0100e+00.
Encountered pd=1.8092e+01 > c=-2.0127e+01, thus weight=1.0100e+00.
Encountered pd=1.8092e+01 > c=-2.0127e+01, thus weight=1.0100e+00.
Encountered pd=1.8092e+01 > c=-2.0127e+01, thus weight=1.0100e+00.
Encountered pd=1.8092e+01 > c=-2.0127e+01, thus weight=1.0100e+00.
Encountered pd=1.8092e+01 > c=-2.0127e+01, thus weight=1.0100e+00.
Encountered pd=-5.0539e+00 > c=-2.0127e+01, thus weight=1.0039e+00.
Encountered pd=-5.0539e+00 > c=-2.0127e+01, thus weight=1.0039e+00.
Encountered pd=-5.0539e+00 > c=-2.0127e+01, thus weight=1.0039e+00.
Encountered pd=-5.0539e+00 > c=-2.0127e+01, thus weight=1.0039e+00.
Encountered pd=-5.0539e+00 > c=-2.0127e+01, thus weight=1.0039e+00.
Encountered pd=-5.0539e+00 > c=-2.0127e+01, thus weight=1.0039e+00.
Encountered pd=-1.5227e+00 > c=-2.0127e+01, thus weight=1.0048e+00.
Encountered pd=-1.5227e+00 > c=-2.0127e+01, thus weight=1.0048e+00.
Encountered pd=-1.5227e+00 > c=-2.0127e+01, thus weight=1.0048e+00.
Encountered pd=-1.5227e+00 > c=-2.0127e+01, thus weight=1.0048e+00.
Encountered pd=-1.5227e+00 > c=-2.0127e+01, thus weight=1.0048e+00.
Encountered pd=-1.5227e+00 > c=-2.0127e+01, thus weight=1.0048e+00.
Encountered pd=7.4644e+00 > c=-2.0127e+01, thus weight=1.0072e+00.
Encountered pd=7.4644e+00 > c=-2.0127e+01, thus weight=1.0072e+00.
Encountered pd=7.4644e+00 > c=-2.0127e+01, thus weight=1.0072e+00.
Encountered pd=7.4644e+00 > c=-2.0127e+01, thus weight=1.0072e+00.
Encountered pd=7.4644e+00 > c=-2.0127e+01, thus weight=1.0072e+00.
Encountered pd=7.4644e+00 > c=-2.0127e+01, thus weight=1.0072e+00.
Encountered pd=-1.0404e+01 > c=-2.0127e+01, thus weight=1.0025e+00.
Encountered pd=-1.0404e+01 > c=-2.0127e+01, thus weight=1.0025e+00.
Encountered pd=-1.0404e+01 > c=-2.0127e+01, thus weight=1.0025e+00.
Encountered pd=-1.0404e+01 > c=-2.0127e+01, thus weight=1.0025e+00.
Encountered pd=-1.0404e+01 > c=-2.0127e+01, thus weight=1.0025e+00.
Encountered pd=-1.0404e+01 > c=-2.0127e+01, thus weight=1.0025e+00.
Encountered pd=1.0666e+00 > c=-2.0127e+01, thus weight=1.0055e+00.
Encountered pd=1.0666e+00 > c=-2.0127e+01, thus weight=1.0055e+00.
Encountered pd=1.0666e+00 > c=-2.0127e+01, thus weight=1.0055e+00.
Encountered pd=1.0666e+00 > c=-2.0127e+01, thus weight=1.0055e+00.
Encountered pd=1.0666e+00 > c=-2.0127e+01, thus weight=1.0055e+00.
Encountered pd=1.0666e+00 > c=-2.0127e+01, thus weight=1.0055e+00.
Encountered pd=-9.5479e+00 > c=-2.0127e+01, thus weight=1.0028e+00.
Encountered pd=-9.5479e+00 > c=-2.0127e+01, thus weight=1.0028e+00.
Encountered pd=-9.5479e+00 > c=-2.0127e+01, thus weight=1.0028e+00.
Encountered pd=-9.5479e+00 > c=-2.0127e+01, thus weight=1.0028e+00.
Encountered pd=-9.5479e+00 > c=-2.0127e+01, thus weight=1.0028e+00.
Encountered pd=-9.5479e+00 > c=-2.0127e+01, thus weight=1.0028e+00.
Encountered pd=3.4122e+01 > c=-2.0127e+01, thus weight=1.0142e+00.
Encountered pd=3.4122e+01 > c=-2.0127e+01, thus weight=1.0142e+00.
Encountered pd=3.4122e+01 > c=-2.0127e+01, thus weight=1.0142e+00.
Encountered pd=3.4122e+01 > c=-2.0127e+01, thus weight=1.0142e+00.
Encountered pd=3.4122e+01 > c=-2.0127e+01, thus weight=1.0142e+00.
Encountered pd=3.4122e+01 > c=-2.0127e+01, thus weight=1.0142e+00.
Encountered pd=2.4473e+01 > c=-2.0127e+01, thus weight=1.0117e+00.
Encountered pd=2.4473e+01 > c=-2.0127e+01, thus weight=1.0117e+00.
Encountered pd=2.4473e+01 > c=-2.0127e+01, thus weight=1.0117e+00.
Encountered pd=2.4473e+01 > c=-2.0127e+01, thus weight=1.0117e+00.
Encountered pd=2.4473e+01 > c=-2.0127e+01, thus weight=1.0117e+00.
Encountered pd=2.4473e+01 > c=-2.0127e+01, thus weight=1.0117e+00.
pdf_norm=3.4122e+01 for t=1.
pdf_norm=3.4122e+01 for t=1.
pdf_norm=3.4122e+01 for t=1.
pdf_norm=3.4122e+01 for t=1.
pdf_norm=3.4122e+01 for t=1.
pdf_norm=3.4122e+01 for t=1.
Proposed temperatures for 1: [1254.0406887411496, 1923.077194473196].
Proposed temperatures for 1: [1254.0406887411496, 1923.077194473196].
Proposed temperatures for 1: [1254.0406887411496, 1923.077194473196].
Proposed temperatures for 1: [1254.0406887411496, 1923.077194473196].
Proposed temperatures for 1: [1254.0406887411496, 1923.077194473196].
Proposed temperatures for 1: [1254.0406887411496, 1923.077194473196].
pdf_norm=3.4122e+01 for t=2.
pdf_norm=3.4122e+01 for t=2.
pdf_norm=3.4122e+01 for t=2.
pdf_norm=3.4122e+01 for t=2.
pdf_norm=3.4122e+01 for t=2.
pdf_norm=3.4122e+01 for t=2.
Proposed temperatures for 2: [749.8588400553951, 627.0203443705748].
Proposed temperatures for 2: [749.8588400553951, 627.0203443705748].
Proposed temperatures for 2: [749.8588400553951, 627.0203443705748].
Proposed temperatures for 2: [749.8588400553951, 627.0203443705748].
Proposed temperatures for 2: [749.8588400553951, 627.0203443705748].
Proposed temperatures for 2: [749.8588400553951, 627.0203443705748].
Encountered pd=3.7363e+01 > c=3.4122e+01, thus weight=1.0052e+00.
Encountered pd=3.7363e+01 > c=3.4122e+01, thus weight=1.0052e+00.
Encountered pd=3.7363e+01 > c=3.4122e+01, thus weight=1.0052e+00.
Encountered pd=3.7363e+01 > c=3.4122e+01, thus weight=1.0052e+00.
Encountered pd=3.7363e+01 > c=3.4122e+01, thus weight=1.0052e+00.
Encountered pd=3.7363e+01 > c=3.4122e+01, thus weight=1.0052e+00.
Encountered pd=3.5314e+01 > c=3.4122e+01, thus weight=1.0019e+00.
Encountered pd=3.5314e+01 > c=3.4122e+01, thus weight=1.0019e+00.
Encountered pd=3.5314e+01 > c=3.4122e+01, thus weight=1.0019e+00.
Encountered pd=3.5314e+01 > c=3.4122e+01, thus weight=1.0019e+00.
Encountered pd=3.5314e+01 > c=3.4122e+01, thus weight=1.0019e+00.
Encountered pd=3.5314e+01 > c=3.4122e+01, thus weight=1.0019e+00.
pdf_norm=1.7385e+00 for t=0.
pdf_norm=1.7385e+00 for t=0.
pdf_norm=1.7385e+00 for t=0.
pdf_norm=1.7385e+00 for t=0.
pdf_norm=1.7385e+00 for t=0.
pdf_norm=1.7385e+00 for t=0.
Proposed temperatures for 0: [4065.6380225797375].
Proposed temperatures for 0: [4065.6380225797375].
Proposed temperatures for 0: [4065.6380225797375].
Proposed temperatures for 0: [4065.6380225797375].
Proposed temperatures for 0: [4065.6380225797375].
Proposed temperatures for 0: [4065.6380225797375].
Encountered pd=1.1496e+01 > c=1.7385e+00, thus weight=1.0024e+00.
Encountered pd=1.1496e+01 > c=1.7385e+00, thus weight=1.0024e+00.
Encountered pd=1.1496e+01 > c=1.7385e+00, thus weight=1.0024e+00.
Encountered pd=1.1496e+01 > c=1.7385e+00, thus weight=1.0024e+00.
Encountered pd=1.1496e+01 > c=1.7385e+00, thus weight=1.0024e+00.
Encountered pd=1.1496e+01 > c=1.7385e+00, thus weight=1.0024e+00.
Encountered pd=1.1799e+01 > c=1.7385e+00, thus weight=1.0025e+00.
Encountered pd=1.1799e+01 > c=1.7385e+00, thus weight=1.0025e+00.
Encountered pd=1.1799e+01 > c=1.7385e+00, thus weight=1.0025e+00.
Encountered pd=1.1799e+01 > c=1.7385e+00, thus weight=1.0025e+00.
Encountered pd=1.1799e+01 > c=1.7385e+00, thus weight=1.0025e+00.
Encountered pd=1.1799e+01 > c=1.7385e+00, thus weight=1.0025e+00.
Encountered pd=2.8294e+01 > c=1.7385e+00, thus weight=1.0066e+00.
Encountered pd=2.8294e+01 > c=1.7385e+00, thus weight=1.0066e+00.
Encountered pd=2.8294e+01 > c=1.7385e+00, thus weight=1.0066e+00.
Encountered pd=2.8294e+01 > c=1.7385e+00, thus weight=1.0066e+00.
Encountered pd=2.8294e+01 > c=1.7385e+00, thus weight=1.0066e+00.
Encountered pd=2.8294e+01 > c=1.7385e+00, thus weight=1.0066e+00.
pdf_norm=2.8294e+01 for t=1.
pdf_norm=2.8294e+01 for t=1.
pdf_norm=2.8294e+01 for t=1.
pdf_norm=2.8294e+01 for t=1.
pdf_norm=2.8294e+01 for t=1.
pdf_norm=2.8294e+01 for t=1.
Proposed temperatures for 1: [1202.1845542222522, 2032.8190112898687].
Proposed temperatures for 1: [1202.1845542222522, 2032.8190112898687].
Proposed temperatures for 1: [1202.1845542222522, 2032.8190112898687].
Proposed temperatures for 1: [1202.1845542222522, 2032.8190112898687].
Proposed temperatures for 1: [1202.1845542222522, 2032.8190112898687].
Proposed temperatures for 1: [1202.1845542222522, 2032.8190112898687].
Encountered pd=2.8402e+01 > c=2.8294e+01, thus weight=1.0001e+00.
Encountered pd=2.8402e+01 > c=2.8294e+01, thus weight=1.0001e+00.
Encountered pd=2.8402e+01 > c=2.8294e+01, thus weight=1.0001e+00.
Encountered pd=2.8402e+01 > c=2.8294e+01, thus weight=1.0001e+00.
Encountered pd=2.8402e+01 > c=2.8294e+01, thus weight=1.0001e+00.
Encountered pd=2.8402e+01 > c=2.8294e+01, thus weight=1.0001e+00.
Encountered pd=3.7768e+01 > c=2.8294e+01, thus weight=1.0079e+00.
Encountered pd=3.7768e+01 > c=2.8294e+01, thus weight=1.0079e+00.
Encountered pd=3.7768e+01 > c=2.8294e+01, thus weight=1.0079e+00.
Encountered pd=3.7768e+01 > c=2.8294e+01, thus weight=1.0079e+00.
Encountered pd=3.7768e+01 > c=2.8294e+01, thus weight=1.0079e+00.
Encountered pd=3.7768e+01 > c=2.8294e+01, thus weight=1.0079e+00.
Encountered pd=2.8588e+01 > c=2.8294e+01, thus weight=1.0002e+00.
Encountered pd=2.8588e+01 > c=2.8294e+01, thus weight=1.0002e+00.
Encountered pd=2.8588e+01 > c=2.8294e+01, thus weight=1.0002e+00.
Encountered pd=2.8588e+01 > c=2.8294e+01, thus weight=1.0002e+00.
Encountered pd=2.8588e+01 > c=2.8294e+01, thus weight=1.0002e+00.
Encountered pd=2.8588e+01 > c=2.8294e+01, thus weight=1.0002e+00.
pdf_norm=3.7768e+01 for t=2.
pdf_norm=3.7768e+01 for t=2.
pdf_norm=3.7768e+01 for t=2.
pdf_norm=3.7768e+01 for t=2.
pdf_norm=3.7768e+01 for t=2.
pdf_norm=3.7768e+01 for t=2.
Proposed temperatures for 2: [738.5584501231805, 601.0922771111261].
Proposed temperatures for 2: [738.5584501231805, 601.0922771111261].
Proposed temperatures for 2: [738.5584501231805, 601.0922771111261].
Proposed temperatures for 2: [738.5584501231805, 601.0922771111261].
Proposed temperatures for 2: [738.5584501231805, 601.0922771111261].
Proposed temperatures for 2: [738.5584501231805, 601.0922771111261].
pdf_norm=3.7768e+01 for t=3.
pdf_norm=3.7768e+01 for t=3.
pdf_norm=3.7768e+01 for t=3.
pdf_norm=3.7768e+01 for t=3.
pdf_norm=3.7768e+01 for t=3.
pdf_norm=3.7768e+01 for t=3.
Proposed temperatures for 3: [470.1403385551561, 300.54613855556306].
Proposed temperatures for 3: [470.1403385551561, 300.54613855556306].
Proposed temperatures for 3: [470.1403385551561, 300.54613855556306].
Proposed temperatures for 3: [470.1403385551561, 300.54613855556306].
Proposed temperatures for 3: [470.1403385551561, 300.54613855556306].
Proposed temperatures for 3: [470.1403385551561, 300.54613855556306].
Encountered pd=3.8039e+01 > c=3.7768e+01, thus weight=1.0009e+00.
Encountered pd=3.8039e+01 > c=3.7768e+01, thus weight=1.0009e+00.
Encountered pd=3.8039e+01 > c=3.7768e+01, thus weight=1.0009e+00.
Encountered pd=3.8039e+01 > c=3.7768e+01, thus weight=1.0009e+00.
Encountered pd=3.8039e+01 > c=3.7768e+01, thus weight=1.0009e+00.
Encountered pd=3.8039e+01 > c=3.7768e+01, thus weight=1.0009e+00.
pdf_norm=3.8039e+01 for t=4.
pdf_norm=3.8039e+01 for t=4.
pdf_norm=3.8039e+01 for t=4.
pdf_norm=3.8039e+01 for t=4.
pdf_norm=3.8039e+01 for t=4.
pdf_norm=3.8039e+01 for t=4.
Proposed temperatures for 4: [285.25327805827294, 150.27306927778153].
Proposed temperatures for 4: [285.25327805827294, 150.27306927778153].
Proposed temperatures for 4: [285.25327805827294, 150.27306927778153].
Proposed temperatures for 4: [285.25327805827294, 150.27306927778153].
Proposed temperatures for 4: [285.25327805827294, 150.27306927778153].
Proposed temperatures for 4: [285.25327805827294, 150.27306927778153].
pdf_norm=3.8039e+01 for t=5.
pdf_norm=3.8039e+01 for t=5.
pdf_norm=3.8039e+01 for t=5.
pdf_norm=3.8039e+01 for t=5.
pdf_norm=3.8039e+01 for t=5.
pdf_norm=3.8039e+01 for t=5.
Proposed temperatures for 5: [98.06534252387247, 75.13653463889077].
Proposed temperatures for 5: [98.06534252387247, 75.13653463889077].
Proposed temperatures for 5: [98.06534252387247, 75.13653463889077].
Proposed temperatures for 5: [98.06534252387247, 75.13653463889077].
Proposed temperatures for 5: [98.06534252387247, 75.13653463889077].
Proposed temperatures for 5: [98.06534252387247, 75.13653463889077].
pdf_norm=3.8039e+01 for t=6.
pdf_norm=3.8039e+01 for t=6.
pdf_norm=3.8039e+01 for t=6.
pdf_norm=3.8039e+01 for t=6.
pdf_norm=3.8039e+01 for t=6.
pdf_norm=3.8039e+01 for t=6.
Proposed temperatures for 6: [41.99174212180966, 37.56826731944538].
Proposed temperatures for 6: [41.99174212180966, 37.56826731944538].
Proposed temperatures for 6: [41.99174212180966, 37.56826731944538].
Proposed temperatures for 6: [41.99174212180966, 37.56826731944538].
Proposed temperatures for 6: [41.99174212180966, 37.56826731944538].
Proposed temperatures for 6: [41.99174212180966, 37.56826731944538].
Encountered pd=3.8053e+01 > c=3.8039e+01, thus weight=1.0004e+00.
Encountered pd=3.8053e+01 > c=3.8039e+01, thus weight=1.0004e+00.
Encountered pd=3.8053e+01 > c=3.8039e+01, thus weight=1.0004e+00.
Encountered pd=3.8053e+01 > c=3.8039e+01, thus weight=1.0004e+00.
Encountered pd=3.8053e+01 > c=3.8039e+01, thus weight=1.0004e+00.
Encountered pd=3.8053e+01 > c=3.8039e+01, thus weight=1.0004e+00.
Encountered pd=3.8051e+01 > c=3.8039e+01, thus weight=1.0003e+00.
Encountered pd=3.8051e+01 > c=3.8039e+01, thus weight=1.0003e+00.
Encountered pd=3.8051e+01 > c=3.8039e+01, thus weight=1.0003e+00.
Encountered pd=3.8051e+01 > c=3.8039e+01, thus weight=1.0003e+00.
Encountered pd=3.8051e+01 > c=3.8039e+01, thus weight=1.0003e+00.
Encountered pd=3.8051e+01 > c=3.8039e+01, thus weight=1.0003e+00.
pdf_norm=3.8053e+01 for t=7.
pdf_norm=3.8053e+01 for t=7.
pdf_norm=3.8053e+01 for t=7.
pdf_norm=3.8053e+01 for t=7.
pdf_norm=3.8053e+01 for t=7.
pdf_norm=3.8053e+01 for t=7.
Proposed temperatures for 7: [19.45993046526166, 18.78413365972269].
Proposed temperatures for 7: [19.45993046526166, 18.78413365972269].
Proposed temperatures for 7: [19.45993046526166, 18.78413365972269].
Proposed temperatures for 7: [19.45993046526166, 18.78413365972269].
Proposed temperatures for 7: [19.45993046526166, 18.78413365972269].
Proposed temperatures for 7: [19.45993046526166, 18.78413365972269].
pdf_norm=3.8053e+01 for t=8.
pdf_norm=3.8053e+01 for t=8.
pdf_norm=3.8053e+01 for t=8.
pdf_norm=3.8053e+01 for t=8.
pdf_norm=3.8053e+01 for t=8.
pdf_norm=3.8053e+01 for t=8.
Proposed temperatures for 8: [8.98600656153165, 9.392066829861346].
Proposed temperatures for 8: [8.98600656153165, 9.392066829861346].
Proposed temperatures for 8: [8.98600656153165, 9.392066829861346].
Proposed temperatures for 8: [8.98600656153165, 9.392066829861346].
Proposed temperatures for 8: [8.98600656153165, 9.392066829861346].
Proposed temperatures for 8: [8.98600656153165, 9.392066829861346].
pdf_norm=3.8053e+01 for t=9.
pdf_norm=3.8053e+01 for t=9.
pdf_norm=3.8053e+01 for t=9.
pdf_norm=3.8053e+01 for t=9.
pdf_norm=3.8053e+01 for t=9.
pdf_norm=3.8053e+01 for t=9.
Proposed temperatures for 9: [4.432074816717319, 4.493003280765825].
Proposed temperatures for 9: [4.432074816717319, 4.493003280765825].
Proposed temperatures for 9: [4.432074816717319, 4.493003280765825].
Proposed temperatures for 9: [4.432074816717319, 4.493003280765825].
Proposed temperatures for 9: [4.432074816717319, 4.493003280765825].
Proposed temperatures for 9: [4.432074816717319, 4.493003280765825].
pdf_norm=3.8053e+01 for t=10.
pdf_norm=3.8053e+01 for t=10.
pdf_norm=3.8053e+01 for t=10.
pdf_norm=3.8053e+01 for t=10.
pdf_norm=3.8053e+01 for t=10.
pdf_norm=3.8053e+01 for t=10.
Proposed temperatures for 10: [1.945382912253088, 2.2160374083586594].
Proposed temperatures for 10: [1.945382912253088, 2.2160374083586594].
Proposed temperatures for 10: [1.945382912253088, 2.2160374083586594].
Proposed temperatures for 10: [1.945382912253088, 2.2160374083586594].
Proposed temperatures for 10: [1.945382912253088, 2.2160374083586594].
Proposed temperatures for 10: [1.945382912253088, 2.2160374083586594].
Encountered pd=3.8053e+01 > c=3.8053e+01, thus weight=1.0003e+00.
Encountered pd=3.8053e+01 > c=3.8053e+01, thus weight=1.0003e+00.
Encountered pd=3.8053e+01 > c=3.8053e+01, thus weight=1.0003e+00.
Encountered pd=3.8053e+01 > c=3.8053e+01, thus weight=1.0003e+00.
Encountered pd=3.8053e+01 > c=3.8053e+01, thus weight=1.0003e+00.
Encountered pd=3.8053e+01 > c=3.8053e+01, thus weight=1.0003e+00.
Encountered pd=3.8053e+01 > c=3.8053e+01, thus weight=1.0001e+00.
Encountered pd=3.8053e+01 > c=3.8053e+01, thus weight=1.0001e+00.
Encountered pd=3.8053e+01 > c=3.8053e+01, thus weight=1.0001e+00.
Encountered pd=3.8053e+01 > c=3.8053e+01, thus weight=1.0001e+00.
Encountered pd=3.8053e+01 > c=3.8053e+01, thus weight=1.0001e+00.
Encountered pd=3.8053e+01 > c=3.8053e+01, thus weight=1.0001e+00.
pdf_norm=3.8053e+01 for t=11.
pdf_norm=3.8053e+01 for t=11.
pdf_norm=3.8053e+01 for t=11.
pdf_norm=3.8053e+01 for t=11.
pdf_norm=3.8053e+01 for t=11.
pdf_norm=3.8053e+01 for t=11.
Proposed temperatures for 11: [1.0, 0.972691456126544].
Proposed temperatures for 11: [1.0, 0.972691456126544].
Proposed temperatures for 11: [1.0, 0.972691456126544].
Proposed temperatures for 11: [1.0, 0.972691456126544].
Proposed temperatures for 11: [1.0, 0.972691456126544].
Proposed temperatures for 11: [1.0, 0.972691456126544].
pdf_norm=3.8053e+01 for t=12.
pdf_norm=3.8053e+01 for t=12.
pdf_norm=3.8053e+01 for t=12.
pdf_norm=3.8053e+01 for t=12.
pdf_norm=3.8053e+01 for t=12.
pdf_norm=3.8053e+01 for t=12.
Proposed temperatures for 12: [1.0, 0.5].
Proposed temperatures for 12: [1.0, 0.5].
Proposed temperatures for 12: [1.0, 0.5].
Proposed temperatures for 12: [1.0, 0.5].
Proposed temperatures for 12: [1.0, 0.5].
Proposed temperatures for 12: [1.0, 0.5].
pdf_norm=2.3555e+01 for t=0.
pdf_norm=2.3555e+01 for t=0.
pdf_norm=2.3555e+01 for t=0.
pdf_norm=2.3555e+01 for t=0.
pdf_norm=2.3555e+01 for t=0.
pdf_norm=2.3555e+01 for t=0.
Proposed temperatures for 0: [989.2590630660497].
Proposed temperatures for 0: [989.2590630660497].
Proposed temperatures for 0: [989.2590630660497].
Proposed temperatures for 0: [989.2590630660497].
Proposed temperatures for 0: [989.2590630660497].
Proposed temperatures for 0: [989.2590630660497].
Encountered pd=2.4247e+01 > c=2.3555e+01, thus weight=1.0007e+00.
Encountered pd=2.4247e+01 > c=2.3555e+01, thus weight=1.0007e+00.
Encountered pd=2.4247e+01 > c=2.3555e+01, thus weight=1.0007e+00.
Encountered pd=2.4247e+01 > c=2.3555e+01, thus weight=1.0007e+00.
Encountered pd=2.4247e+01 > c=2.3555e+01, thus weight=1.0007e+00.
Encountered pd=2.4247e+01 > c=2.3555e+01, thus weight=1.0007e+00.
Encountered pd=2.4626e+01 > c=2.3555e+01, thus weight=1.0011e+00.
Encountered pd=2.4626e+01 > c=2.3555e+01, thus weight=1.0011e+00.
Encountered pd=2.4626e+01 > c=2.3555e+01, thus weight=1.0011e+00.
Encountered pd=2.4626e+01 > c=2.3555e+01, thus weight=1.0011e+00.
Encountered pd=2.4626e+01 > c=2.3555e+01, thus weight=1.0011e+00.
Encountered pd=2.4626e+01 > c=2.3555e+01, thus weight=1.0011e+00.
pdf_norm=2.4626e+01 for t=1.
pdf_norm=2.4626e+01 for t=1.
pdf_norm=2.4626e+01 for t=1.
pdf_norm=2.4626e+01 for t=1.
pdf_norm=2.4626e+01 for t=1.
pdf_norm=2.4626e+01 for t=1.
Proposed temperatures for 1: [370.3450309225312, 494.6295315330249].
Proposed temperatures for 1: [370.3450309225312, 494.6295315330249].
Proposed temperatures for 1: [370.3450309225312, 494.6295315330249].
Proposed temperatures for 1: [370.3450309225312, 494.6295315330249].
Proposed temperatures for 1: [370.3450309225312, 494.6295315330249].
Proposed temperatures for 1: [370.3450309225312, 494.6295315330249].
Encountered pd=2.5192e+01 > c=2.4626e+01, thus weight=1.0015e+00.
Encountered pd=2.5192e+01 > c=2.4626e+01, thus weight=1.0015e+00.
Encountered pd=2.5192e+01 > c=2.4626e+01, thus weight=1.0015e+00.
Encountered pd=2.5192e+01 > c=2.4626e+01, thus weight=1.0015e+00.
Encountered pd=2.5192e+01 > c=2.4626e+01, thus weight=1.0015e+00.
Encountered pd=2.5192e+01 > c=2.4626e+01, thus weight=1.0015e+00.
Encountered pd=2.7953e+01 > c=2.4626e+01, thus weight=1.0090e+00.
Encountered pd=2.7953e+01 > c=2.4626e+01, thus weight=1.0090e+00.
Encountered pd=2.7953e+01 > c=2.4626e+01, thus weight=1.0090e+00.
Encountered pd=2.7953e+01 > c=2.4626e+01, thus weight=1.0090e+00.
Encountered pd=2.7953e+01 > c=2.4626e+01, thus weight=1.0090e+00.
Encountered pd=2.7953e+01 > c=2.4626e+01, thus weight=1.0090e+00.
Encountered pd=2.7644e+01 > c=2.4626e+01, thus weight=1.0082e+00.
Encountered pd=2.7644e+01 > c=2.4626e+01, thus weight=1.0082e+00.
Encountered pd=2.7644e+01 > c=2.4626e+01, thus weight=1.0082e+00.
Encountered pd=2.7644e+01 > c=2.4626e+01, thus weight=1.0082e+00.
Encountered pd=2.7644e+01 > c=2.4626e+01, thus weight=1.0082e+00.
Encountered pd=2.7644e+01 > c=2.4626e+01, thus weight=1.0082e+00.
Encountered pd=2.5953e+01 > c=2.4626e+01, thus weight=1.0036e+00.
Encountered pd=2.5953e+01 > c=2.4626e+01, thus weight=1.0036e+00.
Encountered pd=2.5953e+01 > c=2.4626e+01, thus weight=1.0036e+00.
Encountered pd=2.5953e+01 > c=2.4626e+01, thus weight=1.0036e+00.
Encountered pd=2.5953e+01 > c=2.4626e+01, thus weight=1.0036e+00.
Encountered pd=2.5953e+01 > c=2.4626e+01, thus weight=1.0036e+00.
Encountered pd=2.7321e+01 > c=2.4626e+01, thus weight=1.0073e+00.
Encountered pd=2.7321e+01 > c=2.4626e+01, thus weight=1.0073e+00.
Encountered pd=2.7321e+01 > c=2.4626e+01, thus weight=1.0073e+00.
Encountered pd=2.7321e+01 > c=2.4626e+01, thus weight=1.0073e+00.
Encountered pd=2.7321e+01 > c=2.4626e+01, thus weight=1.0073e+00.
Encountered pd=2.7321e+01 > c=2.4626e+01, thus weight=1.0073e+00.
pdf_norm=2.7953e+01 for t=2.
pdf_norm=2.7953e+01 for t=2.
pdf_norm=2.7953e+01 for t=2.
pdf_norm=2.7953e+01 for t=2.
pdf_norm=2.7953e+01 for t=2.
pdf_norm=2.7953e+01 for t=2.
Proposed temperatures for 2: [219.56678433910946, 185.1725154612656].
Proposed temperatures for 2: [219.56678433910946, 185.1725154612656].
Proposed temperatures for 2: [219.56678433910946, 185.1725154612656].
Proposed temperatures for 2: [219.56678433910946, 185.1725154612656].
Proposed temperatures for 2: [219.56678433910946, 185.1725154612656].
Proposed temperatures for 2: [219.56678433910946, 185.1725154612656].
Encountered pd=2.8400e+01 > c=2.7953e+01, thus weight=1.0024e+00.
Encountered pd=2.8400e+01 > c=2.7953e+01, thus weight=1.0024e+00.
Encountered pd=2.8400e+01 > c=2.7953e+01, thus weight=1.0024e+00.
Encountered pd=2.8400e+01 > c=2.7953e+01, thus weight=1.0024e+00.
Encountered pd=2.8400e+01 > c=2.7953e+01, thus weight=1.0024e+00.
Encountered pd=2.8400e+01 > c=2.7953e+01, thus weight=1.0024e+00.
pdf_norm=2.8400e+01 for t=3.
pdf_norm=2.8400e+01 for t=3.
pdf_norm=2.8400e+01 for t=3.
pdf_norm=2.8400e+01 for t=3.
pdf_norm=2.8400e+01 for t=3.
pdf_norm=2.8400e+01 for t=3.
Proposed temperatures for 3: [151.30084798644472, 92.5862577306328].
Proposed temperatures for 3: [151.30084798644472, 92.5862577306328].
Proposed temperatures for 3: [151.30084798644472, 92.5862577306328].
Proposed temperatures for 3: [151.30084798644472, 92.5862577306328].
Proposed temperatures for 3: [151.30084798644472, 92.5862577306328].
Proposed temperatures for 3: [151.30084798644472, 92.5862577306328].
pdf_norm=2.8400e+01 for t=4.
pdf_norm=2.8400e+01 for t=4.
pdf_norm=2.8400e+01 for t=4.
pdf_norm=2.8400e+01 for t=4.
pdf_norm=2.8400e+01 for t=4.
pdf_norm=2.8400e+01 for t=4.
Proposed temperatures for 4: [88.47619648216364, 46.2931288653164].
Proposed temperatures for 4: [88.47619648216364, 46.2931288653164].
Proposed temperatures for 4: [88.47619648216364, 46.2931288653164].
Proposed temperatures for 4: [88.47619648216364, 46.2931288653164].
Proposed temperatures for 4: [88.47619648216364, 46.2931288653164].
Proposed temperatures for 4: [88.47619648216364, 46.2931288653164].
Encountered pd=2.8568e+01 > c=2.8400e+01, thus weight=1.0036e+00.
Encountered pd=2.8568e+01 > c=2.8400e+01, thus weight=1.0036e+00.
Encountered pd=2.8568e+01 > c=2.8400e+01, thus weight=1.0036e+00.
Encountered pd=2.8568e+01 > c=2.8400e+01, thus weight=1.0036e+00.
Encountered pd=2.8568e+01 > c=2.8400e+01, thus weight=1.0036e+00.
Encountered pd=2.8568e+01 > c=2.8400e+01, thus weight=1.0036e+00.
Encountered pd=2.8487e+01 > c=2.8400e+01, thus weight=1.0019e+00.
Encountered pd=2.8487e+01 > c=2.8400e+01, thus weight=1.0019e+00.
Encountered pd=2.8487e+01 > c=2.8400e+01, thus weight=1.0019e+00.
Encountered pd=2.8487e+01 > c=2.8400e+01, thus weight=1.0019e+00.
Encountered pd=2.8487e+01 > c=2.8400e+01, thus weight=1.0019e+00.
Encountered pd=2.8487e+01 > c=2.8400e+01, thus weight=1.0019e+00.
Encountered pd=2.8527e+01 > c=2.8400e+01, thus weight=1.0028e+00.
Encountered pd=2.8527e+01 > c=2.8400e+01, thus weight=1.0028e+00.
Encountered pd=2.8527e+01 > c=2.8400e+01, thus weight=1.0028e+00.
Encountered pd=2.8527e+01 > c=2.8400e+01, thus weight=1.0028e+00.
Encountered pd=2.8527e+01 > c=2.8400e+01, thus weight=1.0028e+00.
Encountered pd=2.8527e+01 > c=2.8400e+01, thus weight=1.0028e+00.
pdf_norm=2.8568e+01 for t=5.
pdf_norm=2.8568e+01 for t=5.
pdf_norm=2.8568e+01 for t=5.
pdf_norm=2.8568e+01 for t=5.
pdf_norm=2.8568e+01 for t=5.
pdf_norm=2.8568e+01 for t=5.
Proposed temperatures for 5: [31.023523058860214, 23.1465644326582].
Proposed temperatures for 5: [31.023523058860214, 23.1465644326582].
Proposed temperatures for 5: [31.023523058860214, 23.1465644326582].
Proposed temperatures for 5: [31.023523058860214, 23.1465644326582].
Proposed temperatures for 5: [31.023523058860214, 23.1465644326582].
Proposed temperatures for 5: [31.023523058860214, 23.1465644326582].
Encountered pd=2.8605e+01 > c=2.8568e+01, thus weight=1.0016e+00.
Encountered pd=2.8605e+01 > c=2.8568e+01, thus weight=1.0016e+00.
Encountered pd=2.8605e+01 > c=2.8568e+01, thus weight=1.0016e+00.
Encountered pd=2.8605e+01 > c=2.8568e+01, thus weight=1.0016e+00.
Encountered pd=2.8605e+01 > c=2.8568e+01, thus weight=1.0016e+00.
Encountered pd=2.8605e+01 > c=2.8568e+01, thus weight=1.0016e+00.
Encountered pd=2.8602e+01 > c=2.8568e+01, thus weight=1.0015e+00.
Encountered pd=2.8602e+01 > c=2.8568e+01, thus weight=1.0015e+00.
Encountered pd=2.8602e+01 > c=2.8568e+01, thus weight=1.0015e+00.
Encountered pd=2.8602e+01 > c=2.8568e+01, thus weight=1.0015e+00.
Encountered pd=2.8602e+01 > c=2.8568e+01, thus weight=1.0015e+00.
Encountered pd=2.8602e+01 > c=2.8568e+01, thus weight=1.0015e+00.
pdf_norm=2.8605e+01 for t=6.
pdf_norm=2.8605e+01 for t=6.
pdf_norm=2.8605e+01 for t=6.
pdf_norm=2.8605e+01 for t=6.
pdf_norm=2.8605e+01 for t=6.
pdf_norm=2.8605e+01 for t=6.
Proposed temperatures for 6: [10.976436025627871, 11.5732822163291].
Proposed temperatures for 6: [10.976436025627871, 11.5732822163291].
Proposed temperatures for 6: [10.976436025627871, 11.5732822163291].
Proposed temperatures for 6: [10.976436025627871, 11.5732822163291].
Proposed temperatures for 6: [10.976436025627871, 11.5732822163291].
Proposed temperatures for 6: [10.976436025627871, 11.5732822163291].
pdf_norm=2.8605e+01 for t=7.
pdf_norm=2.8605e+01 for t=7.
pdf_norm=2.8605e+01 for t=7.
pdf_norm=2.8605e+01 for t=7.
pdf_norm=2.8605e+01 for t=7.
pdf_norm=2.8605e+01 for t=7.
Proposed temperatures for 7: [5.919246895424897, 5.4882180128139355].
Proposed temperatures for 7: [5.919246895424897, 5.4882180128139355].
Proposed temperatures for 7: [5.919246895424897, 5.4882180128139355].
Proposed temperatures for 7: [5.919246895424897, 5.4882180128139355].
Proposed temperatures for 7: [5.919246895424897, 5.4882180128139355].
Proposed temperatures for 7: [5.919246895424897, 5.4882180128139355].
pdf_norm=2.8605e+01 for t=8.
pdf_norm=2.8605e+01 for t=8.
pdf_norm=2.8605e+01 for t=8.
pdf_norm=2.8605e+01 for t=8.
pdf_norm=2.8605e+01 for t=8.
pdf_norm=2.8605e+01 for t=8.
Proposed temperatures for 8: [2.7825375396899767, 2.7441090064069678].
Proposed temperatures for 8: [2.7825375396899767, 2.7441090064069678].
Proposed temperatures for 8: [2.7825375396899767, 2.7441090064069678].
Proposed temperatures for 8: [2.7825375396899767, 2.7441090064069678].
Proposed temperatures for 8: [2.7825375396899767, 2.7441090064069678].
Proposed temperatures for 8: [2.7825375396899767, 2.7441090064069678].
pdf_norm=2.8605e+01 for t=9.
pdf_norm=2.8605e+01 for t=9.
pdf_norm=2.8605e+01 for t=9.
pdf_norm=2.8605e+01 for t=9.
pdf_norm=2.8605e+01 for t=9.
pdf_norm=2.8605e+01 for t=9.
Proposed temperatures for 9: [1.3707501024031357, 1.3720545032034839].
Proposed temperatures for 9: [1.3707501024031357, 1.3720545032034839].
Proposed temperatures for 9: [1.3707501024031357, 1.3720545032034839].
Proposed temperatures for 9: [1.3707501024031357, 1.3720545032034839].
Proposed temperatures for 9: [1.3707501024031357, 1.3720545032034839].
Proposed temperatures for 9: [1.3707501024031357, 1.3720545032034839].
pdf_norm=2.8605e+01 for t=10.
pdf_norm=2.8605e+01 for t=10.
pdf_norm=2.8605e+01 for t=10.
pdf_norm=2.8605e+01 for t=10.
pdf_norm=2.8605e+01 for t=10.
pdf_norm=2.8605e+01 for t=10.
Proposed temperatures for 10: [1.0, 0.6853750512015678].
Proposed temperatures for 10: [1.0, 0.6853750512015678].
Proposed temperatures for 10: [1.0, 0.6853750512015678].
Proposed temperatures for 10: [1.0, 0.6853750512015678].
Proposed temperatures for 10: [1.0, 0.6853750512015678].
Proposed temperatures for 10: [1.0, 0.6853750512015678].
pdf_norm=2.8605e+01 for t=11.
pdf_norm=2.8605e+01 for t=11.
pdf_norm=2.8605e+01 for t=11.
pdf_norm=2.8605e+01 for t=11.
pdf_norm=2.8605e+01 for t=11.
pdf_norm=2.8605e+01 for t=11.
Proposed temperatures for 11: [1.0, 0.5].
Proposed temperatures for 11: [1.0, 0.5].
Proposed temperatures for 11: [1.0, 0.5].
Proposed temperatures for 11: [1.0, 0.5].
Proposed temperatures for 11: [1.0, 0.5].
Proposed temperatures for 11: [1.0, 0.5].
pdf_norm=2.3387e+01 for t=0.
pdf_norm=2.3387e+01 for t=0.
pdf_norm=2.3387e+01 for t=0.
pdf_norm=2.3387e+01 for t=0.
pdf_norm=2.3387e+01 for t=0.
pdf_norm=2.3387e+01 for t=0.
Proposed temperatures for 0: [260.99595843376403].
Proposed temperatures for 0: [260.99595843376403].
Proposed temperatures for 0: [260.99595843376403].
Proposed temperatures for 0: [260.99595843376403].
Proposed temperatures for 0: [260.99595843376403].
Proposed temperatures for 0: [260.99595843376403].
Encountered pd=2.4368e+01 > c=2.3387e+01, thus weight=1.0038e+00.
Encountered pd=2.4368e+01 > c=2.3387e+01, thus weight=1.0038e+00.
Encountered pd=2.4368e+01 > c=2.3387e+01, thus weight=1.0038e+00.
Encountered pd=2.4368e+01 > c=2.3387e+01, thus weight=1.0038e+00.
Encountered pd=2.4368e+01 > c=2.3387e+01, thus weight=1.0038e+00.
Encountered pd=2.4368e+01 > c=2.3387e+01, thus weight=1.0038e+00.
Encountered pd=2.4297e+01 > c=2.3387e+01, thus weight=1.0035e+00.
Encountered pd=2.4297e+01 > c=2.3387e+01, thus weight=1.0035e+00.
Encountered pd=2.4297e+01 > c=2.3387e+01, thus weight=1.0035e+00.
Encountered pd=2.4297e+01 > c=2.3387e+01, thus weight=1.0035e+00.
Encountered pd=2.4297e+01 > c=2.3387e+01, thus weight=1.0035e+00.
Encountered pd=2.4297e+01 > c=2.3387e+01, thus weight=1.0035e+00.
pdf_norm=2.4368e+01 for t=1.
pdf_norm=2.4368e+01 for t=1.
pdf_norm=2.4368e+01 for t=1.
pdf_norm=2.4368e+01 for t=1.
pdf_norm=2.4368e+01 for t=1.
pdf_norm=2.4368e+01 for t=1.
Proposed temperatures for 1: [81.96156683793124, 130.49797921688202].
Proposed temperatures for 1: [81.96156683793124, 130.49797921688202].
Proposed temperatures for 1: [81.96156683793124, 130.49797921688202].
Proposed temperatures for 1: [81.96156683793124, 130.49797921688202].
Proposed temperatures for 1: [81.96156683793124, 130.49797921688202].
Proposed temperatures for 1: [81.96156683793124, 130.49797921688202].
Encountered pd=2.4491e+01 > c=2.4368e+01, thus weight=1.0015e+00.
Encountered pd=2.4491e+01 > c=2.4368e+01, thus weight=1.0015e+00.
Encountered pd=2.4491e+01 > c=2.4368e+01, thus weight=1.0015e+00.
Encountered pd=2.4491e+01 > c=2.4368e+01, thus weight=1.0015e+00.
Encountered pd=2.4491e+01 > c=2.4368e+01, thus weight=1.0015e+00.
Encountered pd=2.4491e+01 > c=2.4368e+01, thus weight=1.0015e+00.
Encountered pd=2.4458e+01 > c=2.4368e+01, thus weight=1.0011e+00.
Encountered pd=2.4458e+01 > c=2.4368e+01, thus weight=1.0011e+00.
Encountered pd=2.4458e+01 > c=2.4368e+01, thus weight=1.0011e+00.
Encountered pd=2.4458e+01 > c=2.4368e+01, thus weight=1.0011e+00.
Encountered pd=2.4458e+01 > c=2.4368e+01, thus weight=1.0011e+00.
Encountered pd=2.4458e+01 > c=2.4368e+01, thus weight=1.0011e+00.
pdf_norm=2.4491e+01 for t=2.
pdf_norm=2.4491e+01 for t=2.
pdf_norm=2.4491e+01 for t=2.
pdf_norm=2.4491e+01 for t=2.
pdf_norm=2.4491e+01 for t=2.
pdf_norm=2.4491e+01 for t=2.
Proposed temperatures for 2: [49.49032481346945, 40.98078341896562].
Proposed temperatures for 2: [49.49032481346945, 40.98078341896562].
Proposed temperatures for 2: [49.49032481346945, 40.98078341896562].
Proposed temperatures for 2: [49.49032481346945, 40.98078341896562].
Proposed temperatures for 2: [49.49032481346945, 40.98078341896562].
Proposed temperatures for 2: [49.49032481346945, 40.98078341896562].
Encountered pd=2.4519e+01 > c=2.4491e+01, thus weight=1.0007e+00.
Encountered pd=2.4519e+01 > c=2.4491e+01, thus weight=1.0007e+00.
Encountered pd=2.4519e+01 > c=2.4491e+01, thus weight=1.0007e+00.
Encountered pd=2.4519e+01 > c=2.4491e+01, thus weight=1.0007e+00.
Encountered pd=2.4519e+01 > c=2.4491e+01, thus weight=1.0007e+00.
Encountered pd=2.4519e+01 > c=2.4491e+01, thus weight=1.0007e+00.
pdf_norm=2.4519e+01 for t=3.
pdf_norm=2.4519e+01 for t=3.
pdf_norm=2.4519e+01 for t=3.
pdf_norm=2.4519e+01 for t=3.
pdf_norm=2.4519e+01 for t=3.
pdf_norm=2.4519e+01 for t=3.
Proposed temperatures for 3: [33.87201386745154, 20.49039170948281].
Proposed temperatures for 3: [33.87201386745154, 20.49039170948281].
Proposed temperatures for 3: [33.87201386745154, 20.49039170948281].
Proposed temperatures for 3: [33.87201386745154, 20.49039170948281].
Proposed temperatures for 3: [33.87201386745154, 20.49039170948281].
Proposed temperatures for 3: [33.87201386745154, 20.49039170948281].
Encountered pd=2.4520e+01 > c=2.4519e+01, thus weight=1.0000e+00.
Encountered pd=2.4520e+01 > c=2.4519e+01, thus weight=1.0000e+00.
Encountered pd=2.4520e+01 > c=2.4519e+01, thus weight=1.0000e+00.
Encountered pd=2.4520e+01 > c=2.4519e+01, thus weight=1.0000e+00.
Encountered pd=2.4520e+01 > c=2.4519e+01, thus weight=1.0000e+00.
Encountered pd=2.4520e+01 > c=2.4519e+01, thus weight=1.0000e+00.
pdf_norm=2.4520e+01 for t=4.
pdf_norm=2.4520e+01 for t=4.
pdf_norm=2.4520e+01 for t=4.
pdf_norm=2.4520e+01 for t=4.
pdf_norm=2.4520e+01 for t=4.
pdf_norm=2.4520e+01 for t=4.
Proposed temperatures for 4: [19.550385487087542, 10.245195854741405].
Proposed temperatures for 4: [19.550385487087542, 10.245195854741405].
Proposed temperatures for 4: [19.550385487087542, 10.245195854741405].
Proposed temperatures for 4: [19.550385487087542, 10.245195854741405].
Proposed temperatures for 4: [19.550385487087542, 10.245195854741405].
Proposed temperatures for 4: [19.550385487087542, 10.245195854741405].
pdf_norm=2.4520e+01 for t=5.
pdf_norm=2.4520e+01 for t=5.
pdf_norm=2.4520e+01 for t=5.
pdf_norm=2.4520e+01 for t=5.
pdf_norm=2.4520e+01 for t=5.
pdf_norm=2.4520e+01 for t=5.
Proposed temperatures for 5: [6.944432151307471, 5.122597927370703].
Proposed temperatures for 5: [6.944432151307471, 5.122597927370703].
Proposed temperatures for 5: [6.944432151307471, 5.122597927370703].
Proposed temperatures for 5: [6.944432151307471, 5.122597927370703].
Proposed temperatures for 5: [6.944432151307471, 5.122597927370703].
Proposed temperatures for 5: [6.944432151307471, 5.122597927370703].
Encountered pd=2.4521e+01 > c=2.4520e+01, thus weight=1.0002e+00.
Encountered pd=2.4521e+01 > c=2.4520e+01, thus weight=1.0002e+00.
Encountered pd=2.4521e+01 > c=2.4520e+01, thus weight=1.0002e+00.
Encountered pd=2.4521e+01 > c=2.4520e+01, thus weight=1.0002e+00.
Encountered pd=2.4521e+01 > c=2.4520e+01, thus weight=1.0002e+00.
Encountered pd=2.4521e+01 > c=2.4520e+01, thus weight=1.0002e+00.
pdf_norm=2.4521e+01 for t=6.
pdf_norm=2.4521e+01 for t=6.
pdf_norm=2.4521e+01 for t=6.
pdf_norm=2.4521e+01 for t=6.
pdf_norm=2.4521e+01 for t=6.
pdf_norm=2.4521e+01 for t=6.
Proposed temperatures for 6: [2.8316225491182294, 2.5612989636853514].
Proposed temperatures for 6: [2.8316225491182294, 2.5612989636853514].
Proposed temperatures for 6: [2.8316225491182294, 2.5612989636853514].
Proposed temperatures for 6: [2.8316225491182294, 2.5612989636853514].
Proposed temperatures for 6: [2.8316225491182294, 2.5612989636853514].
Proposed temperatures for 6: [2.8316225491182294, 2.5612989636853514].
pdf_norm=2.4521e+01 for t=7.
pdf_norm=2.4521e+01 for t=7.
pdf_norm=2.4521e+01 for t=7.
pdf_norm=2.4521e+01 for t=7.
pdf_norm=2.4521e+01 for t=7.
pdf_norm=2.4521e+01 for t=7.
Proposed temperatures for 7: [1.257443542438448, 1.2806494818426757].
Proposed temperatures for 7: [1.257443542438448, 1.2806494818426757].
Proposed temperatures for 7: [1.257443542438448, 1.2806494818426757].
Proposed temperatures for 7: [1.257443542438448, 1.2806494818426757].
Proposed temperatures for 7: [1.257443542438448, 1.2806494818426757].
Proposed temperatures for 7: [1.257443542438448, 1.2806494818426757].
Encountered pd=2.4521e+01 > c=2.4521e+01, thus weight=1.0002e+00.
Encountered pd=2.4521e+01 > c=2.4521e+01, thus weight=1.0002e+00.
Encountered pd=2.4521e+01 > c=2.4521e+01, thus weight=1.0002e+00.
Encountered pd=2.4521e+01 > c=2.4521e+01, thus weight=1.0002e+00.
Encountered pd=2.4521e+01 > c=2.4521e+01, thus weight=1.0002e+00.
Encountered pd=2.4521e+01 > c=2.4521e+01, thus weight=1.0002e+00.
pdf_norm=2.4521e+01 for t=8.
pdf_norm=2.4521e+01 for t=8.
pdf_norm=2.4521e+01 for t=8.
pdf_norm=2.4521e+01 for t=8.
pdf_norm=2.4521e+01 for t=8.
pdf_norm=2.4521e+01 for t=8.
Proposed temperatures for 8: [1.0, 0.628721771219224].
Proposed temperatures for 8: [1.0, 0.628721771219224].
Proposed temperatures for 8: [1.0, 0.628721771219224].
Proposed temperatures for 8: [1.0, 0.628721771219224].
Proposed temperatures for 8: [1.0, 0.628721771219224].
Proposed temperatures for 8: [1.0, 0.628721771219224].
Encountered pd=2.4522e+01 > c=2.4521e+01, thus weight=1.0002e+00.
Encountered pd=2.4522e+01 > c=2.4521e+01, thus weight=1.0002e+00.
Encountered pd=2.4522e+01 > c=2.4521e+01, thus weight=1.0002e+00.
Encountered pd=2.4522e+01 > c=2.4521e+01, thus weight=1.0002e+00.
Encountered pd=2.4522e+01 > c=2.4521e+01, thus weight=1.0002e+00.
Encountered pd=2.4522e+01 > c=2.4521e+01, thus weight=1.0002e+00.
pdf_norm=2.4522e+01 for t=9.
pdf_norm=2.4522e+01 for t=9.
pdf_norm=2.4522e+01 for t=9.
pdf_norm=2.4522e+01 for t=9.
pdf_norm=2.4522e+01 for t=9.
pdf_norm=2.4522e+01 for t=9.
Proposed temperatures for 9: [2.755759726139458, 0.5].
Proposed temperatures for 9: [2.755759726139458, 0.5].
Proposed temperatures for 9: [2.755759726139458, 0.5].
Proposed temperatures for 9: [2.755759726139458, 0.5].
Proposed temperatures for 9: [2.755759726139458, 0.5].
Proposed temperatures for 9: [2.755759726139458, 0.5].
pdf_norm=1.9384e+01 for t=0.
pdf_norm=1.9384e+01 for t=0.
pdf_norm=1.9384e+01 for t=0.
pdf_norm=1.9384e+01 for t=0.
pdf_norm=1.9384e+01 for t=0.
pdf_norm=1.9384e+01 for t=0.
Proposed temperatures for 0: [51.61517410383387].
Proposed temperatures for 0: [51.61517410383387].
Proposed temperatures for 0: [51.61517410383387].
Proposed temperatures for 0: [51.61517410383387].
Proposed temperatures for 0: [51.61517410383387].
Proposed temperatures for 0: [51.61517410383387].
Encountered pd=1.9407e+01 > c=1.9384e+01, thus weight=1.0004e+00.
Encountered pd=1.9407e+01 > c=1.9384e+01, thus weight=1.0004e+00.
Encountered pd=1.9407e+01 > c=1.9384e+01, thus weight=1.0004e+00.
Encountered pd=1.9407e+01 > c=1.9384e+01, thus weight=1.0004e+00.
Encountered pd=1.9407e+01 > c=1.9384e+01, thus weight=1.0004e+00.
Encountered pd=1.9407e+01 > c=1.9384e+01, thus weight=1.0004e+00.
Encountered pd=1.9578e+01 > c=1.9384e+01, thus weight=1.0038e+00.
Encountered pd=1.9578e+01 > c=1.9384e+01, thus weight=1.0038e+00.
Encountered pd=1.9578e+01 > c=1.9384e+01, thus weight=1.0038e+00.
Encountered pd=1.9578e+01 > c=1.9384e+01, thus weight=1.0038e+00.
Encountered pd=1.9578e+01 > c=1.9384e+01, thus weight=1.0038e+00.
Encountered pd=1.9578e+01 > c=1.9384e+01, thus weight=1.0038e+00.
Encountered pd=1.9522e+01 > c=1.9384e+01, thus weight=1.0027e+00.
Encountered pd=1.9522e+01 > c=1.9384e+01, thus weight=1.0027e+00.
Encountered pd=1.9522e+01 > c=1.9384e+01, thus weight=1.0027e+00.
Encountered pd=1.9522e+01 > c=1.9384e+01, thus weight=1.0027e+00.
Encountered pd=1.9522e+01 > c=1.9384e+01, thus weight=1.0027e+00.
Encountered pd=1.9522e+01 > c=1.9384e+01, thus weight=1.0027e+00.
pdf_norm=1.9578e+01 for t=1.
pdf_norm=1.9578e+01 for t=1.
pdf_norm=1.9578e+01 for t=1.
pdf_norm=1.9578e+01 for t=1.
pdf_norm=1.9578e+01 for t=1.
pdf_norm=1.9578e+01 for t=1.
Proposed temperatures for 1: [17.201229458690037, 25.807587051916936].
Proposed temperatures for 1: [17.201229458690037, 25.807587051916936].
Proposed temperatures for 1: [17.201229458690037, 25.807587051916936].
Proposed temperatures for 1: [17.201229458690037, 25.807587051916936].
Proposed temperatures for 1: [17.201229458690037, 25.807587051916936].
Proposed temperatures for 1: [17.201229458690037, 25.807587051916936].
Encountered pd=1.9672e+01 > c=1.9578e+01, thus weight=1.0055e+00.
Encountered pd=1.9672e+01 > c=1.9578e+01, thus weight=1.0055e+00.
Encountered pd=1.9672e+01 > c=1.9578e+01, thus weight=1.0055e+00.
Encountered pd=1.9672e+01 > c=1.9578e+01, thus weight=1.0055e+00.
Encountered pd=1.9672e+01 > c=1.9578e+01, thus weight=1.0055e+00.
Encountered pd=1.9672e+01 > c=1.9578e+01, thus weight=1.0055e+00.
Encountered pd=1.9638e+01 > c=1.9578e+01, thus weight=1.0034e+00.
Encountered pd=1.9638e+01 > c=1.9578e+01, thus weight=1.0034e+00.
Encountered pd=1.9638e+01 > c=1.9578e+01, thus weight=1.0034e+00.
Encountered pd=1.9638e+01 > c=1.9578e+01, thus weight=1.0034e+00.
Encountered pd=1.9638e+01 > c=1.9578e+01, thus weight=1.0034e+00.
Encountered pd=1.9638e+01 > c=1.9578e+01, thus weight=1.0034e+00.
pdf_norm=1.9672e+01 for t=2.
pdf_norm=1.9672e+01 for t=2.
pdf_norm=1.9672e+01 for t=2.
pdf_norm=1.9672e+01 for t=2.
pdf_norm=1.9672e+01 for t=2.
pdf_norm=1.9672e+01 for t=2.
Proposed temperatures for 2: [11.085329165983516, 8.600614729345018].
Proposed temperatures for 2: [11.085329165983516, 8.600614729345018].
Proposed temperatures for 2: [11.085329165983516, 8.600614729345018].
Proposed temperatures for 2: [11.085329165983516, 8.600614729345018].
Proposed temperatures for 2: [11.085329165983516, 8.600614729345018].
Proposed temperatures for 2: [11.085329165983516, 8.600614729345018].
pdf_norm=1.9672e+01 for t=3.
pdf_norm=1.9672e+01 for t=3.
pdf_norm=1.9672e+01 for t=3.
pdf_norm=1.9672e+01 for t=3.
pdf_norm=1.9672e+01 for t=3.
pdf_norm=1.9672e+01 for t=3.
Proposed temperatures for 3: [7.000181593743684, 4.300307364672509].
Proposed temperatures for 3: [7.000181593743684, 4.300307364672509].
Proposed temperatures for 3: [7.000181593743684, 4.300307364672509].
Proposed temperatures for 3: [7.000181593743684, 4.300307364672509].
Proposed temperatures for 3: [7.000181593743684, 4.300307364672509].
Proposed temperatures for 3: [7.000181593743684, 4.300307364672509].
Encountered pd=1.9677e+01 > c=1.9672e+01, thus weight=1.0011e+00.
Encountered pd=1.9677e+01 > c=1.9672e+01, thus weight=1.0011e+00.
Encountered pd=1.9677e+01 > c=1.9672e+01, thus weight=1.0011e+00.
Encountered pd=1.9677e+01 > c=1.9672e+01, thus weight=1.0011e+00.
Encountered pd=1.9677e+01 > c=1.9672e+01, thus weight=1.0011e+00.
Encountered pd=1.9677e+01 > c=1.9672e+01, thus weight=1.0011e+00.
Encountered pd=1.9679e+01 > c=1.9672e+01, thus weight=1.0015e+00.
Encountered pd=1.9679e+01 > c=1.9672e+01, thus weight=1.0015e+00.
Encountered pd=1.9679e+01 > c=1.9672e+01, thus weight=1.0015e+00.
Encountered pd=1.9679e+01 > c=1.9672e+01, thus weight=1.0015e+00.
Encountered pd=1.9679e+01 > c=1.9672e+01, thus weight=1.0015e+00.
Encountered pd=1.9679e+01 > c=1.9672e+01, thus weight=1.0015e+00.
Encountered pd=1.9673e+01 > c=1.9672e+01, thus weight=1.0001e+00.
Encountered pd=1.9673e+01 > c=1.9672e+01, thus weight=1.0001e+00.
Encountered pd=1.9673e+01 > c=1.9672e+01, thus weight=1.0001e+00.
Encountered pd=1.9673e+01 > c=1.9672e+01, thus weight=1.0001e+00.
Encountered pd=1.9673e+01 > c=1.9672e+01, thus weight=1.0001e+00.
Encountered pd=1.9673e+01 > c=1.9672e+01, thus weight=1.0001e+00.
pdf_norm=1.9679e+01 for t=4.
pdf_norm=1.9679e+01 for t=4.
pdf_norm=1.9679e+01 for t=4.
pdf_norm=1.9679e+01 for t=4.
pdf_norm=1.9679e+01 for t=4.
pdf_norm=1.9679e+01 for t=4.
Proposed temperatures for 4: [4.173528375634323, 2.1501536823362546].
Proposed temperatures for 4: [4.173528375634323, 2.1501536823362546].
Proposed temperatures for 4: [4.173528375634323, 2.1501536823362546].
Proposed temperatures for 4: [4.173528375634323, 2.1501536823362546].
Proposed temperatures for 4: [4.173528375634323, 2.1501536823362546].
Proposed temperatures for 4: [4.173528375634323, 2.1501536823362546].
pdf_norm=1.9679e+01 for t=5.
pdf_norm=1.9679e+01 for t=5.
pdf_norm=1.9679e+01 for t=5.
pdf_norm=1.9679e+01 for t=5.
pdf_norm=1.9679e+01 for t=5.
pdf_norm=1.9679e+01 for t=5.
Proposed temperatures for 5: [1.3227964454743304, 1.0750768411681273].
Proposed temperatures for 5: [1.3227964454743304, 1.0750768411681273].
Proposed temperatures for 5: [1.3227964454743304, 1.0750768411681273].
Proposed temperatures for 5: [1.3227964454743304, 1.0750768411681273].
Proposed temperatures for 5: [1.3227964454743304, 1.0750768411681273].
Proposed temperatures for 5: [1.3227964454743304, 1.0750768411681273].
Encountered pd=1.9679e+01 > c=1.9679e+01, thus weight=1.0003e+00.
Encountered pd=1.9679e+01 > c=1.9679e+01, thus weight=1.0003e+00.
Encountered pd=1.9679e+01 > c=1.9679e+01, thus weight=1.0003e+00.
Encountered pd=1.9679e+01 > c=1.9679e+01, thus weight=1.0003e+00.
Encountered pd=1.9679e+01 > c=1.9679e+01, thus weight=1.0003e+00.
Encountered pd=1.9679e+01 > c=1.9679e+01, thus weight=1.0003e+00.
pdf_norm=1.9679e+01 for t=6.
pdf_norm=1.9679e+01 for t=6.
pdf_norm=1.9679e+01 for t=6.
pdf_norm=1.9679e+01 for t=6.
pdf_norm=1.9679e+01 for t=6.
pdf_norm=1.9679e+01 for t=6.
Proposed temperatures for 6: [1.0, 0.5375384205840636].
Proposed temperatures for 6: [1.0, 0.5375384205840636].
Proposed temperatures for 6: [1.0, 0.5375384205840636].
Proposed temperatures for 6: [1.0, 0.5375384205840636].
Proposed temperatures for 6: [1.0, 0.5375384205840636].
Proposed temperatures for 6: [1.0, 0.5375384205840636].
pdf_norm=1.9679e+01 for t=7.
pdf_norm=1.9679e+01 for t=7.
pdf_norm=1.9679e+01 for t=7.
pdf_norm=1.9679e+01 for t=7.
pdf_norm=1.9679e+01 for t=7.
pdf_norm=1.9679e+01 for t=7.
Proposed temperatures for 7: [1.0, 0.5].
Proposed temperatures for 7: [1.0, 0.5].
Proposed temperatures for 7: [1.0, 0.5].
Proposed temperatures for 7: [1.0, 0.5].
Proposed temperatures for 7: [1.0, 0.5].
Proposed temperatures for 7: [1.0, 0.5].
pdf_norm=1.0537e+01 for t=0.
pdf_norm=1.0537e+01 for t=0.
pdf_norm=1.0537e+01 for t=0.
pdf_norm=1.0537e+01 for t=0.
pdf_norm=1.0537e+01 for t=0.
pdf_norm=1.0537e+01 for t=0.
Proposed temperatures for 0: [16.160139861538422].
Proposed temperatures for 0: [16.160139861538422].
Proposed temperatures for 0: [16.160139861538422].
Proposed temperatures for 0: [16.160139861538422].
Proposed temperatures for 0: [16.160139861538422].
Proposed temperatures for 0: [16.160139861538422].
Encountered pd=1.0558e+01 > c=1.0537e+01, thus weight=1.0013e+00.
Encountered pd=1.0558e+01 > c=1.0537e+01, thus weight=1.0013e+00.
Encountered pd=1.0558e+01 > c=1.0537e+01, thus weight=1.0013e+00.
Encountered pd=1.0558e+01 > c=1.0537e+01, thus weight=1.0013e+00.
Encountered pd=1.0558e+01 > c=1.0537e+01, thus weight=1.0013e+00.
Encountered pd=1.0558e+01 > c=1.0537e+01, thus weight=1.0013e+00.
pdf_norm=1.0558e+01 for t=1.
pdf_norm=1.0558e+01 for t=1.
pdf_norm=1.0558e+01 for t=1.
pdf_norm=1.0558e+01 for t=1.
pdf_norm=1.0558e+01 for t=1.
pdf_norm=1.0558e+01 for t=1.
Proposed temperatures for 1: [6.460443375751384, 8.080069930769211].
Proposed temperatures for 1: [6.460443375751384, 8.080069930769211].
Proposed temperatures for 1: [6.460443375751384, 8.080069930769211].
Proposed temperatures for 1: [6.460443375751384, 8.080069930769211].
Proposed temperatures for 1: [6.460443375751384, 8.080069930769211].
Proposed temperatures for 1: [6.460443375751384, 8.080069930769211].
Encountered pd=1.0572e+01 > c=1.0558e+01, thus weight=1.0022e+00.
Encountered pd=1.0572e+01 > c=1.0558e+01, thus weight=1.0022e+00.
Encountered pd=1.0572e+01 > c=1.0558e+01, thus weight=1.0022e+00.
Encountered pd=1.0572e+01 > c=1.0558e+01, thus weight=1.0022e+00.
Encountered pd=1.0572e+01 > c=1.0558e+01, thus weight=1.0022e+00.
Encountered pd=1.0572e+01 > c=1.0558e+01, thus weight=1.0022e+00.
Encountered pd=1.0595e+01 > c=1.0558e+01, thus weight=1.0057e+00.
Encountered pd=1.0595e+01 > c=1.0558e+01, thus weight=1.0057e+00.
Encountered pd=1.0595e+01 > c=1.0558e+01, thus weight=1.0057e+00.
Encountered pd=1.0595e+01 > c=1.0558e+01, thus weight=1.0057e+00.
Encountered pd=1.0595e+01 > c=1.0558e+01, thus weight=1.0057e+00.
Encountered pd=1.0595e+01 > c=1.0558e+01, thus weight=1.0057e+00.
Encountered pd=1.0565e+01 > c=1.0558e+01, thus weight=1.0012e+00.
Encountered pd=1.0565e+01 > c=1.0558e+01, thus weight=1.0012e+00.
Encountered pd=1.0565e+01 > c=1.0558e+01, thus weight=1.0012e+00.
Encountered pd=1.0565e+01 > c=1.0558e+01, thus weight=1.0012e+00.
Encountered pd=1.0565e+01 > c=1.0558e+01, thus weight=1.0012e+00.
Encountered pd=1.0565e+01 > c=1.0558e+01, thus weight=1.0012e+00.
Encountered pd=1.0572e+01 > c=1.0558e+01, thus weight=1.0021e+00.
Encountered pd=1.0572e+01 > c=1.0558e+01, thus weight=1.0021e+00.
Encountered pd=1.0572e+01 > c=1.0558e+01, thus weight=1.0021e+00.
Encountered pd=1.0572e+01 > c=1.0558e+01, thus weight=1.0021e+00.
Encountered pd=1.0572e+01 > c=1.0558e+01, thus weight=1.0021e+00.
Encountered pd=1.0572e+01 > c=1.0558e+01, thus weight=1.0021e+00.
Encountered pd=1.0595e+01 > c=1.0558e+01, thus weight=1.0057e+00.
Encountered pd=1.0595e+01 > c=1.0558e+01, thus weight=1.0057e+00.
Encountered pd=1.0595e+01 > c=1.0558e+01, thus weight=1.0057e+00.
Encountered pd=1.0595e+01 > c=1.0558e+01, thus weight=1.0057e+00.
Encountered pd=1.0595e+01 > c=1.0558e+01, thus weight=1.0057e+00.
Encountered pd=1.0595e+01 > c=1.0558e+01, thus weight=1.0057e+00.
Encountered pd=1.0606e+01 > c=1.0558e+01, thus weight=1.0075e+00.
Encountered pd=1.0606e+01 > c=1.0558e+01, thus weight=1.0075e+00.
Encountered pd=1.0606e+01 > c=1.0558e+01, thus weight=1.0075e+00.
Encountered pd=1.0606e+01 > c=1.0558e+01, thus weight=1.0075e+00.
Encountered pd=1.0606e+01 > c=1.0558e+01, thus weight=1.0075e+00.
Encountered pd=1.0606e+01 > c=1.0558e+01, thus weight=1.0075e+00.
Encountered pd=1.0579e+01 > c=1.0558e+01, thus weight=1.0032e+00.
Encountered pd=1.0579e+01 > c=1.0558e+01, thus weight=1.0032e+00.
Encountered pd=1.0579e+01 > c=1.0558e+01, thus weight=1.0032e+00.
Encountered pd=1.0579e+01 > c=1.0558e+01, thus weight=1.0032e+00.
Encountered pd=1.0579e+01 > c=1.0558e+01, thus weight=1.0032e+00.
Encountered pd=1.0579e+01 > c=1.0558e+01, thus weight=1.0032e+00.
Encountered pd=1.0558e+01 > c=1.0558e+01, thus weight=1.0001e+00.
Encountered pd=1.0558e+01 > c=1.0558e+01, thus weight=1.0001e+00.
Encountered pd=1.0558e+01 > c=1.0558e+01, thus weight=1.0001e+00.
Encountered pd=1.0558e+01 > c=1.0558e+01, thus weight=1.0001e+00.
Encountered pd=1.0558e+01 > c=1.0558e+01, thus weight=1.0001e+00.
Encountered pd=1.0558e+01 > c=1.0558e+01, thus weight=1.0001e+00.
Encountered pd=1.0597e+01 > c=1.0558e+01, thus weight=1.0061e+00.
Encountered pd=1.0597e+01 > c=1.0558e+01, thus weight=1.0061e+00.
Encountered pd=1.0597e+01 > c=1.0558e+01, thus weight=1.0061e+00.
Encountered pd=1.0597e+01 > c=1.0558e+01, thus weight=1.0061e+00.
Encountered pd=1.0597e+01 > c=1.0558e+01, thus weight=1.0061e+00.
Encountered pd=1.0597e+01 > c=1.0558e+01, thus weight=1.0061e+00.
pdf_norm=1.0606e+01 for t=2.
pdf_norm=1.0606e+01 for t=2.
pdf_norm=1.0606e+01 for t=2.
pdf_norm=1.0606e+01 for t=2.
pdf_norm=1.0606e+01 for t=2.
pdf_norm=1.0606e+01 for t=2.
Proposed temperatures for 2: [4.381719704056466, 3.230221687875692].
Proposed temperatures for 2: [4.381719704056466, 3.230221687875692].
Proposed temperatures for 2: [4.381719704056466, 3.230221687875692].
Proposed temperatures for 2: [4.381719704056466, 3.230221687875692].
Proposed temperatures for 2: [4.381719704056466, 3.230221687875692].
Proposed temperatures for 2: [4.381719704056466, 3.230221687875692].
Encountered pd=1.0607e+01 > c=1.0606e+01, thus weight=1.0003e+00.
Encountered pd=1.0607e+01 > c=1.0606e+01, thus weight=1.0003e+00.
Encountered pd=1.0607e+01 > c=1.0606e+01, thus weight=1.0003e+00.
Encountered pd=1.0607e+01 > c=1.0606e+01, thus weight=1.0003e+00.
Encountered pd=1.0607e+01 > c=1.0606e+01, thus weight=1.0003e+00.
Encountered pd=1.0607e+01 > c=1.0606e+01, thus weight=1.0003e+00.
pdf_norm=1.0607e+01 for t=3.
pdf_norm=1.0607e+01 for t=3.
pdf_norm=1.0607e+01 for t=3.
pdf_norm=1.0607e+01 for t=3.
pdf_norm=1.0607e+01 for t=3.
pdf_norm=1.0607e+01 for t=3.
Proposed temperatures for 3: [3.2374343770655605, 1.615110843937846].
Proposed temperatures for 3: [3.2374343770655605, 1.615110843937846].
Proposed temperatures for 3: [3.2374343770655605, 1.615110843937846].
Proposed temperatures for 3: [3.2374343770655605, 1.615110843937846].
Proposed temperatures for 3: [3.2374343770655605, 1.615110843937846].
Proposed temperatures for 3: [3.2374343770655605, 1.615110843937846].
Encountered pd=1.0609e+01 > c=1.0607e+01, thus weight=1.0009e+00.
Encountered pd=1.0609e+01 > c=1.0607e+01, thus weight=1.0009e+00.
Encountered pd=1.0609e+01 > c=1.0607e+01, thus weight=1.0009e+00.
Encountered pd=1.0609e+01 > c=1.0607e+01, thus weight=1.0009e+00.
Encountered pd=1.0609e+01 > c=1.0607e+01, thus weight=1.0009e+00.
Encountered pd=1.0609e+01 > c=1.0607e+01, thus weight=1.0009e+00.
Encountered pd=1.0608e+01 > c=1.0607e+01, thus weight=1.0005e+00.
Encountered pd=1.0608e+01 > c=1.0607e+01, thus weight=1.0005e+00.
Encountered pd=1.0608e+01 > c=1.0607e+01, thus weight=1.0005e+00.
Encountered pd=1.0608e+01 > c=1.0607e+01, thus weight=1.0005e+00.
Encountered pd=1.0608e+01 > c=1.0607e+01, thus weight=1.0005e+00.
Encountered pd=1.0608e+01 > c=1.0607e+01, thus weight=1.0005e+00.
Encountered pd=1.0609e+01 > c=1.0607e+01, thus weight=1.0010e+00.
Encountered pd=1.0609e+01 > c=1.0607e+01, thus weight=1.0010e+00.
Encountered pd=1.0609e+01 > c=1.0607e+01, thus weight=1.0010e+00.
Encountered pd=1.0609e+01 > c=1.0607e+01, thus weight=1.0010e+00.
Encountered pd=1.0609e+01 > c=1.0607e+01, thus weight=1.0010e+00.
Encountered pd=1.0609e+01 > c=1.0607e+01, thus weight=1.0010e+00.
Encountered pd=1.0611e+01 > c=1.0607e+01, thus weight=1.0022e+00.
Encountered pd=1.0611e+01 > c=1.0607e+01, thus weight=1.0022e+00.
Encountered pd=1.0611e+01 > c=1.0607e+01, thus weight=1.0022e+00.
Encountered pd=1.0611e+01 > c=1.0607e+01, thus weight=1.0022e+00.
Encountered pd=1.0611e+01 > c=1.0607e+01, thus weight=1.0022e+00.
Encountered pd=1.0611e+01 > c=1.0607e+01, thus weight=1.0022e+00.
Encountered pd=1.0611e+01 > c=1.0607e+01, thus weight=1.0022e+00.
Encountered pd=1.0611e+01 > c=1.0607e+01, thus weight=1.0022e+00.
Encountered pd=1.0611e+01 > c=1.0607e+01, thus weight=1.0022e+00.
Encountered pd=1.0611e+01 > c=1.0607e+01, thus weight=1.0022e+00.
Encountered pd=1.0611e+01 > c=1.0607e+01, thus weight=1.0022e+00.
Encountered pd=1.0611e+01 > c=1.0607e+01, thus weight=1.0022e+00.
pdf_norm=1.0611e+01 for t=4.
pdf_norm=1.0611e+01 for t=4.
pdf_norm=1.0611e+01 for t=4.
pdf_norm=1.0611e+01 for t=4.
pdf_norm=1.0611e+01 for t=4.
pdf_norm=1.0611e+01 for t=4.
Proposed temperatures for 4: [1.2676008839120436, 0.807555421968923].
Proposed temperatures for 4: [1.2676008839120436, 0.807555421968923].
Proposed temperatures for 4: [1.2676008839120436, 0.807555421968923].
Proposed temperatures for 4: [1.2676008839120436, 0.807555421968923].
Proposed temperatures for 4: [1.2676008839120436, 0.807555421968923].
Proposed temperatures for 4: [1.2676008839120436, 0.807555421968923].
Encountered pd=1.0611e+01 > c=1.0611e+01, thus weight=1.0008e+00.
Encountered pd=1.0611e+01 > c=1.0611e+01, thus weight=1.0008e+00.
Encountered pd=1.0611e+01 > c=1.0611e+01, thus weight=1.0008e+00.
Encountered pd=1.0611e+01 > c=1.0611e+01, thus weight=1.0008e+00.
Encountered pd=1.0611e+01 > c=1.0611e+01, thus weight=1.0008e+00.
Encountered pd=1.0611e+01 > c=1.0611e+01, thus weight=1.0008e+00.
Encountered pd=1.0611e+01 > c=1.0611e+01, thus weight=1.0004e+00.
Encountered pd=1.0611e+01 > c=1.0611e+01, thus weight=1.0004e+00.
Encountered pd=1.0611e+01 > c=1.0611e+01, thus weight=1.0004e+00.
Encountered pd=1.0611e+01 > c=1.0611e+01, thus weight=1.0004e+00.
Encountered pd=1.0611e+01 > c=1.0611e+01, thus weight=1.0004e+00.
Encountered pd=1.0611e+01 > c=1.0611e+01, thus weight=1.0004e+00.
Encountered pd=1.0611e+01 > c=1.0611e+01, thus weight=1.0005e+00.
Encountered pd=1.0611e+01 > c=1.0611e+01, thus weight=1.0005e+00.
Encountered pd=1.0611e+01 > c=1.0611e+01, thus weight=1.0005e+00.
Encountered pd=1.0611e+01 > c=1.0611e+01, thus weight=1.0005e+00.
Encountered pd=1.0611e+01 > c=1.0611e+01, thus weight=1.0005e+00.
Encountered pd=1.0611e+01 > c=1.0611e+01, thus weight=1.0005e+00.
pdf_norm=1.0611e+01 for t=5.
pdf_norm=1.0611e+01 for t=5.
pdf_norm=1.0611e+01 for t=5.
pdf_norm=1.0611e+01 for t=5.
pdf_norm=1.0611e+01 for t=5.
pdf_norm=1.0611e+01 for t=5.
Proposed temperatures for 5: [1.0, 0.5].
Proposed temperatures for 5: [1.0, 0.5].
Proposed temperatures for 5: [1.0, 0.5].
Proposed temperatures for 5: [1.0, 0.5].
Proposed temperatures for 5: [1.0, 0.5].
Proposed temperatures for 5: [1.0, 0.5].
pdf_norm=5.3736e+00 for t=0.
pdf_norm=5.3736e+00 for t=0.
pdf_norm=5.3736e+00 for t=0.
pdf_norm=5.3736e+00 for t=0.
pdf_norm=5.3736e+00 for t=0.
pdf_norm=5.3736e+00 for t=0.
Proposed temperatures for 0: [3.4245689117677482].
Proposed temperatures for 0: [3.4245689117677482].
Proposed temperatures for 0: [3.4245689117677482].
Proposed temperatures for 0: [3.4245689117677482].
Proposed temperatures for 0: [3.4245689117677482].
Proposed temperatures for 0: [3.4245689117677482].
Encountered pd=5.3981e+00 > c=5.3736e+00, thus weight=1.0072e+00.
Encountered pd=5.3981e+00 > c=5.3736e+00, thus weight=1.0072e+00.
Encountered pd=5.3981e+00 > c=5.3736e+00, thus weight=1.0072e+00.
Encountered pd=5.3981e+00 > c=5.3736e+00, thus weight=1.0072e+00.
Encountered pd=5.3981e+00 > c=5.3736e+00, thus weight=1.0072e+00.
Encountered pd=5.3981e+00 > c=5.3736e+00, thus weight=1.0072e+00.
Encountered pd=5.3783e+00 > c=5.3736e+00, thus weight=1.0014e+00.
Encountered pd=5.3783e+00 > c=5.3736e+00, thus weight=1.0014e+00.
Encountered pd=5.3783e+00 > c=5.3736e+00, thus weight=1.0014e+00.
Encountered pd=5.3783e+00 > c=5.3736e+00, thus weight=1.0014e+00.
Encountered pd=5.3783e+00 > c=5.3736e+00, thus weight=1.0014e+00.
Encountered pd=5.3783e+00 > c=5.3736e+00, thus weight=1.0014e+00.
Encountered pd=5.3945e+00 > c=5.3736e+00, thus weight=1.0061e+00.
Encountered pd=5.3945e+00 > c=5.3736e+00, thus weight=1.0061e+00.
Encountered pd=5.3945e+00 > c=5.3736e+00, thus weight=1.0061e+00.
Encountered pd=5.3945e+00 > c=5.3736e+00, thus weight=1.0061e+00.
Encountered pd=5.3945e+00 > c=5.3736e+00, thus weight=1.0061e+00.
Encountered pd=5.3945e+00 > c=5.3736e+00, thus weight=1.0061e+00.
Encountered pd=5.4112e+00 > c=5.3736e+00, thus weight=1.0111e+00.
Encountered pd=5.4112e+00 > c=5.3736e+00, thus weight=1.0111e+00.
Encountered pd=5.4112e+00 > c=5.3736e+00, thus weight=1.0111e+00.
Encountered pd=5.4112e+00 > c=5.3736e+00, thus weight=1.0111e+00.
Encountered pd=5.4112e+00 > c=5.3736e+00, thus weight=1.0111e+00.
Encountered pd=5.4112e+00 > c=5.3736e+00, thus weight=1.0111e+00.
Encountered pd=5.3755e+00 > c=5.3736e+00, thus weight=1.0006e+00.
Encountered pd=5.3755e+00 > c=5.3736e+00, thus weight=1.0006e+00.
Encountered pd=5.3755e+00 > c=5.3736e+00, thus weight=1.0006e+00.
Encountered pd=5.3755e+00 > c=5.3736e+00, thus weight=1.0006e+00.
Encountered pd=5.3755e+00 > c=5.3736e+00, thus weight=1.0006e+00.
Encountered pd=5.3755e+00 > c=5.3736e+00, thus weight=1.0006e+00.
Encountered pd=5.4079e+00 > c=5.3736e+00, thus weight=1.0101e+00.
Encountered pd=5.4079e+00 > c=5.3736e+00, thus weight=1.0101e+00.
Encountered pd=5.4079e+00 > c=5.3736e+00, thus weight=1.0101e+00.
Encountered pd=5.4079e+00 > c=5.3736e+00, thus weight=1.0101e+00.
Encountered pd=5.4079e+00 > c=5.3736e+00, thus weight=1.0101e+00.
Encountered pd=5.4079e+00 > c=5.3736e+00, thus weight=1.0101e+00.
pdf_norm=5.4112e+00 for t=1.
pdf_norm=5.4112e+00 for t=1.
pdf_norm=5.4112e+00 for t=1.
pdf_norm=5.4112e+00 for t=1.
pdf_norm=5.4112e+00 for t=1.
pdf_norm=5.4112e+00 for t=1.
Proposed temperatures for 1: [1.375811916677306, 1.7122844558838741].
Proposed temperatures for 1: [1.375811916677306, 1.7122844558838741].
Proposed temperatures for 1: [1.375811916677306, 1.7122844558838741].
Proposed temperatures for 1: [1.375811916677306, 1.7122844558838741].
Proposed temperatures for 1: [1.375811916677306, 1.7122844558838741].
Proposed temperatures for 1: [1.375811916677306, 1.7122844558838741].
pdf_norm=5.4112e+00 for t=2.
pdf_norm=5.4112e+00 for t=2.
pdf_norm=5.4112e+00 for t=2.
pdf_norm=5.4112e+00 for t=2.
pdf_norm=5.4112e+00 for t=2.
pdf_norm=5.4112e+00 for t=2.
Proposed temperatures for 2: [1.0, 0.687905958338653].
Proposed temperatures for 2: [1.0, 0.687905958338653].
Proposed temperatures for 2: [1.0, 0.687905958338653].
Proposed temperatures for 2: [1.0, 0.687905958338653].
Proposed temperatures for 2: [1.0, 0.687905958338653].
Proposed temperatures for 2: [1.0, 0.687905958338653].
Encountered pd=5.4120e+00 > c=5.4112e+00, thus weight=1.0008e+00.
Encountered pd=5.4120e+00 > c=5.4112e+00, thus weight=1.0008e+00.
Encountered pd=5.4120e+00 > c=5.4112e+00, thus weight=1.0008e+00.
Encountered pd=5.4120e+00 > c=5.4112e+00, thus weight=1.0008e+00.
Encountered pd=5.4120e+00 > c=5.4112e+00, thus weight=1.0008e+00.
Encountered pd=5.4120e+00 > c=5.4112e+00, thus weight=1.0008e+00.
pdf_norm=5.4120e+00 for t=3.
pdf_norm=5.4120e+00 for t=3.
pdf_norm=5.4120e+00 for t=3.
pdf_norm=5.4120e+00 for t=3.
pdf_norm=5.4120e+00 for t=3.
pdf_norm=5.4120e+00 for t=3.
Proposed temperatures for 3: [1.0, 0.5].
Proposed temperatures for 3: [1.0, 0.5].
Proposed temperatures for 3: [1.0, 0.5].
Proposed temperatures for 3: [1.0, 0.5].
Proposed temperatures for 3: [1.0, 0.5].
Proposed temperatures for 3: [1.0, 0.5].
pdf_norm=-6.8170e+01 for t=0.
pdf_norm=-6.8170e+01 for t=0.
pdf_norm=-6.8170e+01 for t=0.
pdf_norm=-6.8170e+01 for t=0.
pdf_norm=-6.8170e+01 for t=0.
pdf_norm=-6.8170e+01 for t=0.
pdf_norm=-6.8170e+01 for t=0.
Proposed temperatures for 0: [16153.434114777807].
Proposed temperatures for 0: [16153.434114777807].
Proposed temperatures for 0: [16153.434114777807].
Proposed temperatures for 0: [16153.434114777807].
Proposed temperatures for 0: [16153.434114777807].
Proposed temperatures for 0: [16153.434114777807].
Proposed temperatures for 0: [16153.434114777807].
Encountered pd=-4.3186e+01 > c=-6.8170e+01, thus weight=1.0015e+00.
Encountered pd=-4.3186e+01 > c=-6.8170e+01, thus weight=1.0015e+00.
Encountered pd=-4.3186e+01 > c=-6.8170e+01, thus weight=1.0015e+00.
Encountered pd=-4.3186e+01 > c=-6.8170e+01, thus weight=1.0015e+00.
Encountered pd=-4.3186e+01 > c=-6.8170e+01, thus weight=1.0015e+00.
Encountered pd=-4.3186e+01 > c=-6.8170e+01, thus weight=1.0015e+00.
Encountered pd=-4.3186e+01 > c=-6.8170e+01, thus weight=1.0015e+00.
Encountered pd=-5.4095e+01 > c=-6.8170e+01, thus weight=1.0009e+00.
Encountered pd=-5.4095e+01 > c=-6.8170e+01, thus weight=1.0009e+00.
Encountered pd=-5.4095e+01 > c=-6.8170e+01, thus weight=1.0009e+00.
Encountered pd=-5.4095e+01 > c=-6.8170e+01, thus weight=1.0009e+00.
Encountered pd=-5.4095e+01 > c=-6.8170e+01, thus weight=1.0009e+00.
Encountered pd=-5.4095e+01 > c=-6.8170e+01, thus weight=1.0009e+00.
Encountered pd=-5.4095e+01 > c=-6.8170e+01, thus weight=1.0009e+00.
Encountered pd=3.6590e+01 > c=-6.8170e+01, thus weight=1.0065e+00.
Encountered pd=3.6590e+01 > c=-6.8170e+01, thus weight=1.0065e+00.
Encountered pd=3.6590e+01 > c=-6.8170e+01, thus weight=1.0065e+00.
Encountered pd=3.6590e+01 > c=-6.8170e+01, thus weight=1.0065e+00.
Encountered pd=3.6590e+01 > c=-6.8170e+01, thus weight=1.0065e+00.
Encountered pd=3.6590e+01 > c=-6.8170e+01, thus weight=1.0065e+00.
Encountered pd=3.6590e+01 > c=-6.8170e+01, thus weight=1.0065e+00.
Encountered pd=1.1130e+01 > c=-6.8170e+01, thus weight=1.0049e+00.
Encountered pd=1.1130e+01 > c=-6.8170e+01, thus weight=1.0049e+00.
Encountered pd=1.1130e+01 > c=-6.8170e+01, thus weight=1.0049e+00.
Encountered pd=1.1130e+01 > c=-6.8170e+01, thus weight=1.0049e+00.
Encountered pd=1.1130e+01 > c=-6.8170e+01, thus weight=1.0049e+00.
Encountered pd=1.1130e+01 > c=-6.8170e+01, thus weight=1.0049e+00.
Encountered pd=1.1130e+01 > c=-6.8170e+01, thus weight=1.0049e+00.
Encountered pd=-1.5883e+01 > c=-6.8170e+01, thus weight=1.0032e+00.
Encountered pd=-1.5883e+01 > c=-6.8170e+01, thus weight=1.0032e+00.
Encountered pd=-1.5883e+01 > c=-6.8170e+01, thus weight=1.0032e+00.
Encountered pd=-1.5883e+01 > c=-6.8170e+01, thus weight=1.0032e+00.
Encountered pd=-1.5883e+01 > c=-6.8170e+01, thus weight=1.0032e+00.
Encountered pd=-1.5883e+01 > c=-6.8170e+01, thus weight=1.0032e+00.
Encountered pd=-1.5883e+01 > c=-6.8170e+01, thus weight=1.0032e+00.
Encountered pd=1.4916e+01 > c=-6.8170e+01, thus weight=1.0052e+00.
Encountered pd=1.4916e+01 > c=-6.8170e+01, thus weight=1.0052e+00.
Encountered pd=1.4916e+01 > c=-6.8170e+01, thus weight=1.0052e+00.
Encountered pd=1.4916e+01 > c=-6.8170e+01, thus weight=1.0052e+00.
Encountered pd=1.4916e+01 > c=-6.8170e+01, thus weight=1.0052e+00.
Encountered pd=1.4916e+01 > c=-6.8170e+01, thus weight=1.0052e+00.
Encountered pd=1.4916e+01 > c=-6.8170e+01, thus weight=1.0052e+00.
pdf_norm=3.6590e+01 for t=1.
pdf_norm=3.6590e+01 for t=1.
pdf_norm=3.6590e+01 for t=1.
pdf_norm=3.6590e+01 for t=1.
pdf_norm=3.6590e+01 for t=1.
pdf_norm=3.6590e+01 for t=1.
pdf_norm=3.6590e+01 for t=1.
Proposed temperatures for 1: [4828.461677790402, 8076.717057388903].
Proposed temperatures for 1: [4828.461677790402, 8076.717057388903].
Proposed temperatures for 1: [4828.461677790402, 8076.717057388903].
Proposed temperatures for 1: [4828.461677790402, 8076.717057388903].
Proposed temperatures for 1: [4828.461677790402, 8076.717057388903].
Proposed temperatures for 1: [4828.461677790402, 8076.717057388903].
Proposed temperatures for 1: [4828.461677790402, 8076.717057388903].
pdf_norm=3.6590e+01 for t=2.
pdf_norm=3.6590e+01 for t=2.
pdf_norm=3.6590e+01 for t=2.
pdf_norm=3.6590e+01 for t=2.
pdf_norm=3.6590e+01 for t=2.
pdf_norm=3.6590e+01 for t=2.
pdf_norm=3.6590e+01 for t=2.
Proposed temperatures for 2: [2747.065936168201, 2414.230838895201].
Proposed temperatures for 2: [2747.065936168201, 2414.230838895201].
Proposed temperatures for 2: [2747.065936168201, 2414.230838895201].
Proposed temperatures for 2: [2747.065936168201, 2414.230838895201].
Proposed temperatures for 2: [2747.065936168201, 2414.230838895201].
Proposed temperatures for 2: [2747.065936168201, 2414.230838895201].
Proposed temperatures for 2: [2747.065936168201, 2414.230838895201].
Encountered pd=3.7244e+01 > c=3.6590e+01, thus weight=1.0003e+00.
Encountered pd=3.7244e+01 > c=3.6590e+01, thus weight=1.0003e+00.
Encountered pd=3.7244e+01 > c=3.6590e+01, thus weight=1.0003e+00.
Encountered pd=3.7244e+01 > c=3.6590e+01, thus weight=1.0003e+00.
Encountered pd=3.7244e+01 > c=3.6590e+01, thus weight=1.0003e+00.
Encountered pd=3.7244e+01 > c=3.6590e+01, thus weight=1.0003e+00.
Encountered pd=3.7244e+01 > c=3.6590e+01, thus weight=1.0003e+00.
pdf_norm=3.7244e+01 for t=3.
pdf_norm=3.7244e+01 for t=3.
pdf_norm=3.7244e+01 for t=3.
pdf_norm=3.7244e+01 for t=3.
pdf_norm=3.7244e+01 for t=3.
pdf_norm=3.7244e+01 for t=3.
pdf_norm=3.7244e+01 for t=3.
Proposed temperatures for 3: [2026.1037604306632, 1207.1154194476005].
Proposed temperatures for 3: [2026.1037604306632, 1207.1154194476005].
Proposed temperatures for 3: [2026.1037604306632, 1207.1154194476005].
Proposed temperatures for 3: [2026.1037604306632, 1207.1154194476005].
Proposed temperatures for 3: [2026.1037604306632, 1207.1154194476005].
Proposed temperatures for 3: [2026.1037604306632, 1207.1154194476005].
Proposed temperatures for 3: [2026.1037604306632, 1207.1154194476005].
Encountered pd=4.2524e+01 > c=3.7244e+01, thus weight=1.0044e+00.
Encountered pd=4.2524e+01 > c=3.7244e+01, thus weight=1.0044e+00.
Encountered pd=4.2524e+01 > c=3.7244e+01, thus weight=1.0044e+00.
Encountered pd=4.2524e+01 > c=3.7244e+01, thus weight=1.0044e+00.
Encountered pd=4.2524e+01 > c=3.7244e+01, thus weight=1.0044e+00.
Encountered pd=4.2524e+01 > c=3.7244e+01, thus weight=1.0044e+00.
Encountered pd=4.2524e+01 > c=3.7244e+01, thus weight=1.0044e+00.
Encountered pd=3.8031e+01 > c=3.7244e+01, thus weight=1.0007e+00.
Encountered pd=3.8031e+01 > c=3.7244e+01, thus weight=1.0007e+00.
Encountered pd=3.8031e+01 > c=3.7244e+01, thus weight=1.0007e+00.
Encountered pd=3.8031e+01 > c=3.7244e+01, thus weight=1.0007e+00.
Encountered pd=3.8031e+01 > c=3.7244e+01, thus weight=1.0007e+00.
Encountered pd=3.8031e+01 > c=3.7244e+01, thus weight=1.0007e+00.
Encountered pd=3.8031e+01 > c=3.7244e+01, thus weight=1.0007e+00.
Encountered pd=4.1939e+01 > c=3.7244e+01, thus weight=1.0039e+00.
Encountered pd=4.1939e+01 > c=3.7244e+01, thus weight=1.0039e+00.
Encountered pd=4.1939e+01 > c=3.7244e+01, thus weight=1.0039e+00.
Encountered pd=4.1939e+01 > c=3.7244e+01, thus weight=1.0039e+00.
Encountered pd=4.1939e+01 > c=3.7244e+01, thus weight=1.0039e+00.
Encountered pd=4.1939e+01 > c=3.7244e+01, thus weight=1.0039e+00.
Encountered pd=4.1939e+01 > c=3.7244e+01, thus weight=1.0039e+00.
pdf_norm=4.2524e+01 for t=4.
pdf_norm=4.2524e+01 for t=4.
pdf_norm=4.2524e+01 for t=4.
pdf_norm=4.2524e+01 for t=4.
pdf_norm=4.2524e+01 for t=4.
pdf_norm=4.2524e+01 for t=4.
pdf_norm=4.2524e+01 for t=4.
Proposed temperatures for 4: [1009.9710205343397, 603.5577097238003].
Proposed temperatures for 4: [1009.9710205343397, 603.5577097238003].
Proposed temperatures for 4: [1009.9710205343397, 603.5577097238003].
Proposed temperatures for 4: [1009.9710205343397, 603.5577097238003].
Proposed temperatures for 4: [1009.9710205343397, 603.5577097238003].
Proposed temperatures for 4: [1009.9710205343397, 603.5577097238003].
Proposed temperatures for 4: [1009.9710205343397, 603.5577097238003].
Encountered pd=4.3534e+01 > c=4.2524e+01, thus weight=1.0017e+00.
Encountered pd=4.3534e+01 > c=4.2524e+01, thus weight=1.0017e+00.
Encountered pd=4.3534e+01 > c=4.2524e+01, thus weight=1.0017e+00.
Encountered pd=4.3534e+01 > c=4.2524e+01, thus weight=1.0017e+00.
Encountered pd=4.3534e+01 > c=4.2524e+01, thus weight=1.0017e+00.
Encountered pd=4.3534e+01 > c=4.2524e+01, thus weight=1.0017e+00.
Encountered pd=4.3534e+01 > c=4.2524e+01, thus weight=1.0017e+00.
pdf_norm=4.3534e+01 for t=5.
pdf_norm=4.3534e+01 for t=5.
pdf_norm=4.3534e+01 for t=5.
pdf_norm=4.3534e+01 for t=5.
pdf_norm=4.3534e+01 for t=5.
pdf_norm=4.3534e+01 for t=5.
pdf_norm=4.3534e+01 for t=5.
Proposed temperatures for 5: [455.7565921749203, 301.77885486190013].
Proposed temperatures for 5: [455.7565921749203, 301.77885486190013].
Proposed temperatures for 5: [455.7565921749203, 301.77885486190013].
Proposed temperatures for 5: [455.7565921749203, 301.77885486190013].
Proposed temperatures for 5: [455.7565921749203, 301.77885486190013].
Proposed temperatures for 5: [455.7565921749203, 301.77885486190013].
Proposed temperatures for 5: [455.7565921749203, 301.77885486190013].
pdf_norm=4.3534e+01 for t=6.
pdf_norm=4.3534e+01 for t=6.
pdf_norm=4.3534e+01 for t=6.
pdf_norm=4.3534e+01 for t=6.
pdf_norm=4.3534e+01 for t=6.
pdf_norm=4.3534e+01 for t=6.
pdf_norm=4.3534e+01 for t=6.
Proposed temperatures for 6: [169.87194963919012, 150.88942743095006].
Proposed temperatures for 6: [169.87194963919012, 150.88942743095006].
Proposed temperatures for 6: [169.87194963919012, 150.88942743095006].
Proposed temperatures for 6: [169.87194963919012, 150.88942743095006].
Proposed temperatures for 6: [169.87194963919012, 150.88942743095006].
Proposed temperatures for 6: [169.87194963919012, 150.88942743095006].
Proposed temperatures for 6: [169.87194963919012, 150.88942743095006].
Encountered pd=4.3604e+01 > c=4.3534e+01, thus weight=1.0005e+00.
Encountered pd=4.3604e+01 > c=4.3534e+01, thus weight=1.0005e+00.
Encountered pd=4.3604e+01 > c=4.3534e+01, thus weight=1.0005e+00.
Encountered pd=4.3604e+01 > c=4.3534e+01, thus weight=1.0005e+00.
Encountered pd=4.3604e+01 > c=4.3534e+01, thus weight=1.0005e+00.
Encountered pd=4.3604e+01 > c=4.3534e+01, thus weight=1.0005e+00.
Encountered pd=4.3604e+01 > c=4.3534e+01, thus weight=1.0005e+00.
Encountered pd=4.3646e+01 > c=4.3534e+01, thus weight=1.0007e+00.
Encountered pd=4.3646e+01 > c=4.3534e+01, thus weight=1.0007e+00.
Encountered pd=4.3646e+01 > c=4.3534e+01, thus weight=1.0007e+00.
Encountered pd=4.3646e+01 > c=4.3534e+01, thus weight=1.0007e+00.
Encountered pd=4.3646e+01 > c=4.3534e+01, thus weight=1.0007e+00.
Encountered pd=4.3646e+01 > c=4.3534e+01, thus weight=1.0007e+00.
Encountered pd=4.3646e+01 > c=4.3534e+01, thus weight=1.0007e+00.
pdf_norm=4.3646e+01 for t=7.
pdf_norm=4.3646e+01 for t=7.
pdf_norm=4.3646e+01 for t=7.
pdf_norm=4.3646e+01 for t=7.
pdf_norm=4.3646e+01 for t=7.
pdf_norm=4.3646e+01 for t=7.
pdf_norm=4.3646e+01 for t=7.
Proposed temperatures for 7: [70.37441119532528, 75.44471371547503].
Proposed temperatures for 7: [70.37441119532528, 75.44471371547503].
Proposed temperatures for 7: [70.37441119532528, 75.44471371547503].
Proposed temperatures for 7: [70.37441119532528, 75.44471371547503].
Proposed temperatures for 7: [70.37441119532528, 75.44471371547503].
Proposed temperatures for 7: [70.37441119532528, 75.44471371547503].
Proposed temperatures for 7: [70.37441119532528, 75.44471371547503].
Encountered pd=4.3833e+01 > c=4.3646e+01, thus weight=1.0027e+00.
Encountered pd=4.3833e+01 > c=4.3646e+01, thus weight=1.0027e+00.
Encountered pd=4.3833e+01 > c=4.3646e+01, thus weight=1.0027e+00.
Encountered pd=4.3833e+01 > c=4.3646e+01, thus weight=1.0027e+00.
Encountered pd=4.3833e+01 > c=4.3646e+01, thus weight=1.0027e+00.
Encountered pd=4.3833e+01 > c=4.3646e+01, thus weight=1.0027e+00.
Encountered pd=4.3833e+01 > c=4.3646e+01, thus weight=1.0027e+00.
Encountered pd=4.3705e+01 > c=4.3646e+01, thus weight=1.0008e+00.
Encountered pd=4.3705e+01 > c=4.3646e+01, thus weight=1.0008e+00.
Encountered pd=4.3705e+01 > c=4.3646e+01, thus weight=1.0008e+00.
Encountered pd=4.3705e+01 > c=4.3646e+01, thus weight=1.0008e+00.
Encountered pd=4.3705e+01 > c=4.3646e+01, thus weight=1.0008e+00.
Encountered pd=4.3705e+01 > c=4.3646e+01, thus weight=1.0008e+00.
Encountered pd=4.3705e+01 > c=4.3646e+01, thus weight=1.0008e+00.
Encountered pd=4.3755e+01 > c=4.3646e+01, thus weight=1.0015e+00.
Encountered pd=4.3755e+01 > c=4.3646e+01, thus weight=1.0015e+00.
Encountered pd=4.3755e+01 > c=4.3646e+01, thus weight=1.0015e+00.
Encountered pd=4.3755e+01 > c=4.3646e+01, thus weight=1.0015e+00.
Encountered pd=4.3755e+01 > c=4.3646e+01, thus weight=1.0015e+00.
Encountered pd=4.3755e+01 > c=4.3646e+01, thus weight=1.0015e+00.
Encountered pd=4.3755e+01 > c=4.3646e+01, thus weight=1.0015e+00.
Encountered pd=4.3808e+01 > c=4.3646e+01, thus weight=1.0023e+00.
Encountered pd=4.3808e+01 > c=4.3646e+01, thus weight=1.0023e+00.
Encountered pd=4.3808e+01 > c=4.3646e+01, thus weight=1.0023e+00.
Encountered pd=4.3808e+01 > c=4.3646e+01, thus weight=1.0023e+00.
Encountered pd=4.3808e+01 > c=4.3646e+01, thus weight=1.0023e+00.
Encountered pd=4.3808e+01 > c=4.3646e+01, thus weight=1.0023e+00.
Encountered pd=4.3808e+01 > c=4.3646e+01, thus weight=1.0023e+00.
Encountered pd=4.3678e+01 > c=4.3646e+01, thus weight=1.0005e+00.
Encountered pd=4.3678e+01 > c=4.3646e+01, thus weight=1.0005e+00.
Encountered pd=4.3678e+01 > c=4.3646e+01, thus weight=1.0005e+00.
Encountered pd=4.3678e+01 > c=4.3646e+01, thus weight=1.0005e+00.
Encountered pd=4.3678e+01 > c=4.3646e+01, thus weight=1.0005e+00.
Encountered pd=4.3678e+01 > c=4.3646e+01, thus weight=1.0005e+00.
Encountered pd=4.3678e+01 > c=4.3646e+01, thus weight=1.0005e+00.
Encountered pd=4.3702e+01 > c=4.3646e+01, thus weight=1.0008e+00.
Encountered pd=4.3702e+01 > c=4.3646e+01, thus weight=1.0008e+00.
Encountered pd=4.3702e+01 > c=4.3646e+01, thus weight=1.0008e+00.
Encountered pd=4.3702e+01 > c=4.3646e+01, thus weight=1.0008e+00.
Encountered pd=4.3702e+01 > c=4.3646e+01, thus weight=1.0008e+00.
Encountered pd=4.3702e+01 > c=4.3646e+01, thus weight=1.0008e+00.
Encountered pd=4.3702e+01 > c=4.3646e+01, thus weight=1.0008e+00.
Encountered pd=4.3652e+01 > c=4.3646e+01, thus weight=1.0001e+00.
Encountered pd=4.3652e+01 > c=4.3646e+01, thus weight=1.0001e+00.
Encountered pd=4.3652e+01 > c=4.3646e+01, thus weight=1.0001e+00.
Encountered pd=4.3652e+01 > c=4.3646e+01, thus weight=1.0001e+00.
Encountered pd=4.3652e+01 > c=4.3646e+01, thus weight=1.0001e+00.
Encountered pd=4.3652e+01 > c=4.3646e+01, thus weight=1.0001e+00.
Encountered pd=4.3652e+01 > c=4.3646e+01, thus weight=1.0001e+00.
pdf_norm=4.3833e+01 for t=8.
pdf_norm=4.3833e+01 for t=8.
pdf_norm=4.3833e+01 for t=8.
pdf_norm=4.3833e+01 for t=8.
pdf_norm=4.3833e+01 for t=8.
pdf_norm=4.3833e+01 for t=8.
pdf_norm=4.3833e+01 for t=8.
Proposed temperatures for 8: [36.44097577577425, 35.18720559766264].
Proposed temperatures for 8: [36.44097577577425, 35.18720559766264].
Proposed temperatures for 8: [36.44097577577425, 35.18720559766264].
Proposed temperatures for 8: [36.44097577577425, 35.18720559766264].
Proposed temperatures for 8: [36.44097577577425, 35.18720559766264].
Proposed temperatures for 8: [36.44097577577425, 35.18720559766264].
Proposed temperatures for 8: [36.44097577577425, 35.18720559766264].
pdf_norm=4.3833e+01 for t=9.
pdf_norm=4.3833e+01 for t=9.
pdf_norm=4.3833e+01 for t=9.
pdf_norm=4.3833e+01 for t=9.
pdf_norm=4.3833e+01 for t=9.
pdf_norm=4.3833e+01 for t=9.
pdf_norm=4.3833e+01 for t=9.
Proposed temperatures for 9: [18.316660624423683, 17.59360279883132].
Proposed temperatures for 9: [18.316660624423683, 17.59360279883132].
Proposed temperatures for 9: [18.316660624423683, 17.59360279883132].
Proposed temperatures for 9: [18.316660624423683, 17.59360279883132].
Proposed temperatures for 9: [18.316660624423683, 17.59360279883132].
Proposed temperatures for 9: [18.316660624423683, 17.59360279883132].
Proposed temperatures for 9: [18.316660624423683, 17.59360279883132].
pdf_norm=4.3833e+01 for t=10.
pdf_norm=4.3833e+01 for t=10.
pdf_norm=4.3833e+01 for t=10.
pdf_norm=4.3833e+01 for t=10.
pdf_norm=4.3833e+01 for t=10.
pdf_norm=4.3833e+01 for t=10.
pdf_norm=4.3833e+01 for t=10.
Proposed temperatures for 10: [8.973745841388624, 8.79680139941566].
Proposed temperatures for 10: [8.973745841388624, 8.79680139941566].
Proposed temperatures for 10: [8.973745841388624, 8.79680139941566].
Proposed temperatures for 10: [8.973745841388624, 8.79680139941566].
Proposed temperatures for 10: [8.973745841388624, 8.79680139941566].
Proposed temperatures for 10: [8.973745841388624, 8.79680139941566].
Proposed temperatures for 10: [8.973745841388624, 8.79680139941566].
Encountered pd=4.3834e+01 > c=4.3833e+01, thus weight=1.0001e+00.
Encountered pd=4.3834e+01 > c=4.3833e+01, thus weight=1.0001e+00.
Encountered pd=4.3834e+01 > c=4.3833e+01, thus weight=1.0001e+00.
Encountered pd=4.3834e+01 > c=4.3833e+01, thus weight=1.0001e+00.
Encountered pd=4.3834e+01 > c=4.3833e+01, thus weight=1.0001e+00.
Encountered pd=4.3834e+01 > c=4.3833e+01, thus weight=1.0001e+00.
Encountered pd=4.3834e+01 > c=4.3833e+01, thus weight=1.0001e+00.
Encountered pd=4.3835e+01 > c=4.3833e+01, thus weight=1.0003e+00.
Encountered pd=4.3835e+01 > c=4.3833e+01, thus weight=1.0003e+00.
Encountered pd=4.3835e+01 > c=4.3833e+01, thus weight=1.0003e+00.
Encountered pd=4.3835e+01 > c=4.3833e+01, thus weight=1.0003e+00.
Encountered pd=4.3835e+01 > c=4.3833e+01, thus weight=1.0003e+00.
Encountered pd=4.3835e+01 > c=4.3833e+01, thus weight=1.0003e+00.
Encountered pd=4.3835e+01 > c=4.3833e+01, thus weight=1.0003e+00.
pdf_norm=4.3835e+01 for t=11.
pdf_norm=4.3835e+01 for t=11.
pdf_norm=4.3835e+01 for t=11.
pdf_norm=4.3835e+01 for t=11.
pdf_norm=4.3835e+01 for t=11.
pdf_norm=4.3835e+01 for t=11.
pdf_norm=4.3835e+01 for t=11.
Proposed temperatures for 11: [4.532499671202229, 4.39840069970783].
Proposed temperatures for 11: [4.532499671202229, 4.39840069970783].
Proposed temperatures for 11: [4.532499671202229, 4.39840069970783].
Proposed temperatures for 11: [4.532499671202229, 4.39840069970783].
Proposed temperatures for 11: [4.532499671202229, 4.39840069970783].
Proposed temperatures for 11: [4.532499671202229, 4.39840069970783].
Proposed temperatures for 11: [4.532499671202229, 4.39840069970783].
Encountered pd=4.3836e+01 > c=4.3835e+01, thus weight=1.0001e+00.
Encountered pd=4.3836e+01 > c=4.3835e+01, thus weight=1.0001e+00.
Encountered pd=4.3836e+01 > c=4.3835e+01, thus weight=1.0001e+00.
Encountered pd=4.3836e+01 > c=4.3835e+01, thus weight=1.0001e+00.
Encountered pd=4.3836e+01 > c=4.3835e+01, thus weight=1.0001e+00.
Encountered pd=4.3836e+01 > c=4.3835e+01, thus weight=1.0001e+00.
Encountered pd=4.3836e+01 > c=4.3835e+01, thus weight=1.0001e+00.
pdf_norm=4.3836e+01 for t=12.
pdf_norm=4.3836e+01 for t=12.
pdf_norm=4.3836e+01 for t=12.
pdf_norm=4.3836e+01 for t=12.
pdf_norm=4.3836e+01 for t=12.
pdf_norm=4.3836e+01 for t=12.
pdf_norm=4.3836e+01 for t=12.
Proposed temperatures for 12: [2.1950069891431108, 2.199200349853915].
Proposed temperatures for 12: [2.1950069891431108, 2.199200349853915].
Proposed temperatures for 12: [2.1950069891431108, 2.199200349853915].
Proposed temperatures for 12: [2.1950069891431108, 2.199200349853915].
Proposed temperatures for 12: [2.1950069891431108, 2.199200349853915].
Proposed temperatures for 12: [2.1950069891431108, 2.199200349853915].
Proposed temperatures for 12: [2.1950069891431108, 2.199200349853915].
Encountered pd=4.3836e+01 > c=4.3836e+01, thus weight=1.0002e+00.
Encountered pd=4.3836e+01 > c=4.3836e+01, thus weight=1.0002e+00.
Encountered pd=4.3836e+01 > c=4.3836e+01, thus weight=1.0002e+00.
Encountered pd=4.3836e+01 > c=4.3836e+01, thus weight=1.0002e+00.
Encountered pd=4.3836e+01 > c=4.3836e+01, thus weight=1.0002e+00.
Encountered pd=4.3836e+01 > c=4.3836e+01, thus weight=1.0002e+00.
Encountered pd=4.3836e+01 > c=4.3836e+01, thus weight=1.0002e+00.
pdf_norm=4.3836e+01 for t=13.
pdf_norm=4.3836e+01 for t=13.
pdf_norm=4.3836e+01 for t=13.
pdf_norm=4.3836e+01 for t=13.
pdf_norm=4.3836e+01 for t=13.
pdf_norm=4.3836e+01 for t=13.
pdf_norm=4.3836e+01 for t=13.
Proposed temperatures for 13: [1.001256197175621, 1.0975034945715554].
Proposed temperatures for 13: [1.001256197175621, 1.0975034945715554].
Proposed temperatures for 13: [1.001256197175621, 1.0975034945715554].
Proposed temperatures for 13: [1.001256197175621, 1.0975034945715554].
Proposed temperatures for 13: [1.001256197175621, 1.0975034945715554].
Proposed temperatures for 13: [1.001256197175621, 1.0975034945715554].
Proposed temperatures for 13: [1.001256197175621, 1.0975034945715554].
Encountered pd=4.3836e+01 > c=4.3836e+01, thus weight=1.0003e+00.
Encountered pd=4.3836e+01 > c=4.3836e+01, thus weight=1.0003e+00.
Encountered pd=4.3836e+01 > c=4.3836e+01, thus weight=1.0003e+00.
Encountered pd=4.3836e+01 > c=4.3836e+01, thus weight=1.0003e+00.
Encountered pd=4.3836e+01 > c=4.3836e+01, thus weight=1.0003e+00.
Encountered pd=4.3836e+01 > c=4.3836e+01, thus weight=1.0003e+00.
Encountered pd=4.3836e+01 > c=4.3836e+01, thus weight=1.0003e+00.
Encountered pd=4.3836e+01 > c=4.3836e+01, thus weight=1.0001e+00.
Encountered pd=4.3836e+01 > c=4.3836e+01, thus weight=1.0001e+00.
Encountered pd=4.3836e+01 > c=4.3836e+01, thus weight=1.0001e+00.
Encountered pd=4.3836e+01 > c=4.3836e+01, thus weight=1.0001e+00.
Encountered pd=4.3836e+01 > c=4.3836e+01, thus weight=1.0001e+00.
Encountered pd=4.3836e+01 > c=4.3836e+01, thus weight=1.0001e+00.
Encountered pd=4.3836e+01 > c=4.3836e+01, thus weight=1.0001e+00.
pdf_norm=4.3836e+01 for t=14.
pdf_norm=4.3836e+01 for t=14.
pdf_norm=4.3836e+01 for t=14.
pdf_norm=4.3836e+01 for t=14.
pdf_norm=4.3836e+01 for t=14.
pdf_norm=4.3836e+01 for t=14.
pdf_norm=4.3836e+01 for t=14.
Proposed temperatures for 14: [1.0, 0.5006280985878105].
Proposed temperatures for 14: [1.0, 0.5006280985878105].
Proposed temperatures for 14: [1.0, 0.5006280985878105].
Proposed temperatures for 14: [1.0, 0.5006280985878105].
Proposed temperatures for 14: [1.0, 0.5006280985878105].
Proposed temperatures for 14: [1.0, 0.5006280985878105].
Proposed temperatures for 14: [1.0, 0.5006280985878105].
pdf_norm=4.3836e+01 for t=15.
pdf_norm=4.3836e+01 for t=15.
pdf_norm=4.3836e+01 for t=15.
pdf_norm=4.3836e+01 for t=15.
pdf_norm=4.3836e+01 for t=15.
pdf_norm=4.3836e+01 for t=15.
pdf_norm=4.3836e+01 for t=15.
Proposed temperatures for 15: [1.0, 0.5].
Proposed temperatures for 15: [1.0, 0.5].
Proposed temperatures for 15: [1.0, 0.5].
Proposed temperatures for 15: [1.0, 0.5].
Proposed temperatures for 15: [1.0, 0.5].
Proposed temperatures for 15: [1.0, 0.5].
Proposed temperatures for 15: [1.0, 0.5].
pdf_norm=2.4416e-01 for t=0.
pdf_norm=2.4416e-01 for t=0.
pdf_norm=2.4416e-01 for t=0.
pdf_norm=2.4416e-01 for t=0.
pdf_norm=2.4416e-01 for t=0.
pdf_norm=2.4416e-01 for t=0.
pdf_norm=2.4416e-01 for t=0.
pdf_norm=2.4416e-01 for t=0.
Proposed temperatures for 0: [1.954402766460444].
Proposed temperatures for 0: [1.954402766460444].
Proposed temperatures for 0: [1.954402766460444].
Proposed temperatures for 0: [1.954402766460444].
Proposed temperatures for 0: [1.954402766460444].
Proposed temperatures for 0: [1.954402766460444].
Proposed temperatures for 0: [1.954402766460444].
Proposed temperatures for 0: [1.954402766460444].
Encountered pd=2.5016e-01 > c=2.4416e-01, thus weight=1.0031e+00.
Encountered pd=2.5016e-01 > c=2.4416e-01, thus weight=1.0031e+00.
Encountered pd=2.5016e-01 > c=2.4416e-01, thus weight=1.0031e+00.
Encountered pd=2.5016e-01 > c=2.4416e-01, thus weight=1.0031e+00.
Encountered pd=2.5016e-01 > c=2.4416e-01, thus weight=1.0031e+00.
Encountered pd=2.5016e-01 > c=2.4416e-01, thus weight=1.0031e+00.
Encountered pd=2.5016e-01 > c=2.4416e-01, thus weight=1.0031e+00.
Encountered pd=2.5016e-01 > c=2.4416e-01, thus weight=1.0031e+00.
Encountered pd=2.5407e-01 > c=2.4416e-01, thus weight=1.0051e+00.
Encountered pd=2.5407e-01 > c=2.4416e-01, thus weight=1.0051e+00.
Encountered pd=2.5407e-01 > c=2.4416e-01, thus weight=1.0051e+00.
Encountered pd=2.5407e-01 > c=2.4416e-01, thus weight=1.0051e+00.
Encountered pd=2.5407e-01 > c=2.4416e-01, thus weight=1.0051e+00.
Encountered pd=2.5407e-01 > c=2.4416e-01, thus weight=1.0051e+00.
Encountered pd=2.5407e-01 > c=2.4416e-01, thus weight=1.0051e+00.
Encountered pd=2.5407e-01 > c=2.4416e-01, thus weight=1.0051e+00.
pdf_norm=2.5407e-01 for t=1.
pdf_norm=2.5407e-01 for t=1.
pdf_norm=2.5407e-01 for t=1.
pdf_norm=2.5407e-01 for t=1.
pdf_norm=2.5407e-01 for t=1.
pdf_norm=2.5407e-01 for t=1.
pdf_norm=2.5407e-01 for t=1.
pdf_norm=2.5407e-01 for t=1.
Proposed temperatures for 1: [1.1125758742775522, 0.977201383230222].
Proposed temperatures for 1: [1.1125758742775522, 0.977201383230222].
Proposed temperatures for 1: [1.1125758742775522, 0.977201383230222].
Proposed temperatures for 1: [1.1125758742775522, 0.977201383230222].
Proposed temperatures for 1: [1.1125758742775522, 0.977201383230222].
Proposed temperatures for 1: [1.1125758742775522, 0.977201383230222].
Proposed temperatures for 1: [1.1125758742775522, 0.977201383230222].
Proposed temperatures for 1: [1.1125758742775522, 0.977201383230222].
Encountered pd=2.6064e-01 > c=2.5407e-01, thus weight=1.0066e+00.
Encountered pd=2.6064e-01 > c=2.5407e-01, thus weight=1.0066e+00.
Encountered pd=2.6064e-01 > c=2.5407e-01, thus weight=1.0066e+00.
Encountered pd=2.6064e-01 > c=2.5407e-01, thus weight=1.0066e+00.
Encountered pd=2.6064e-01 > c=2.5407e-01, thus weight=1.0066e+00.
Encountered pd=2.6064e-01 > c=2.5407e-01, thus weight=1.0066e+00.
Encountered pd=2.6064e-01 > c=2.5407e-01, thus weight=1.0066e+00.
Encountered pd=2.6064e-01 > c=2.5407e-01, thus weight=1.0066e+00.
Encountered pd=2.5980e-01 > c=2.5407e-01, thus weight=1.0057e+00.
Encountered pd=2.5980e-01 > c=2.5407e-01, thus weight=1.0057e+00.
Encountered pd=2.5980e-01 > c=2.5407e-01, thus weight=1.0057e+00.
Encountered pd=2.5980e-01 > c=2.5407e-01, thus weight=1.0057e+00.
Encountered pd=2.5980e-01 > c=2.5407e-01, thus weight=1.0057e+00.
Encountered pd=2.5980e-01 > c=2.5407e-01, thus weight=1.0057e+00.
Encountered pd=2.5980e-01 > c=2.5407e-01, thus weight=1.0057e+00.
Encountered pd=2.5980e-01 > c=2.5407e-01, thus weight=1.0057e+00.
pdf_norm=2.6064e-01 for t=2.
pdf_norm=2.6064e-01 for t=2.
pdf_norm=2.6064e-01 for t=2.
pdf_norm=2.6064e-01 for t=2.
pdf_norm=2.6064e-01 for t=2.
pdf_norm=2.6064e-01 for t=2.
pdf_norm=2.6064e-01 for t=2.
pdf_norm=2.6064e-01 for t=2.
Proposed temperatures for 2: [1.0, 0.5].
Proposed temperatures for 2: [1.0, 0.5].
Proposed temperatures for 2: [1.0, 0.5].
Proposed temperatures for 2: [1.0, 0.5].
Proposed temperatures for 2: [1.0, 0.5].
Proposed temperatures for 2: [1.0, 0.5].
Proposed temperatures for 2: [1.0, 0.5].
Proposed temperatures for 2: [1.0, 0.5].
